#
# There is insufficient memory for the Java Runtime Environment to continue.
# Native memory allocation (malloc) failed to allocate 1826896 bytes. Error detail: Chunk::new
# Possible reasons:
#   The system is out of physical RAM or swap space
#   This process is running with CompressedOops enabled, and the Java Heap may be blocking the growth of the native heap
# Possible solutions:
#   Reduce memory load on the system
#   Increase physical memory or swap space
#   Check if swap backing store is full
#   Decrease Java heap size (-Xmx/-Xms)
#   Decrease number of Java threads
#   Decrease Java thread stack sizes (-Xss)
#   Set larger code cache with -XX:ReservedCodeCacheSize=
#   JVM is running with Unscaled Compressed Oops mode in which the Java heap is
#     placed in the first 4GB address space. The Java Heap base address is the
#     maximum limit for the native heap growth. Please use -XX:HeapBaseMinAddress
#     to set the Java Heap base and to place the Java Heap above 4GB virtual address.
# This output file may be truncated or incomplete.
#
#  Out of Memory Error (arena.cpp:191), pid=8116, tid=7960
#
# JRE version: OpenJDK Runtime Environment Temurin-17.0.11+9 (17.0.11+9) (build 17.0.11+9)
# Java VM: OpenJDK 64-Bit Server VM Temurin-17.0.11+9 (17.0.11+9, mixed mode, tiered, compressed oops, compressed class ptrs, parallel gc, windows-amd64)
# No core dump will be written. Minidumps are not enabled by default on client versions of Windows
#

---------------  S U M M A R Y ------------

Command Line: --add-modules=ALL-SYSTEM --add-opens=java.base/java.util=ALL-UNNAMED --add-opens=java.base/java.lang=ALL-UNNAMED --add-opens=java.base/sun.nio.fs=ALL-UNNAMED -Declipse.application=org.eclipse.jdt.ls.core.id1 -Dosgi.bundles.defaultStartLevel=4 -Declipse.product=org.eclipse.jdt.ls.core.product -Djava.import.generatesMetadataFilesAtProjectRoot=false -DDetectVMInstallationsJob.disabled=true -Dfile.encoding=utf8 -XX:+UseParallelGC -XX:GCTimeRatio=4 -XX:AdaptiveSizePolicyWeight=90 -Dsun.zip.disableMemoryMapping=true -Xmx1G -Xms100m -Xlog:disable -javaagent:c:\Users\qtri1\.vscode\extensions\redhat.java-1.31.0-win32-x64\lombok\lombok-1.18.32.jar -XX:+HeapDumpOnOutOfMemoryError -XX:HeapDumpPath=c:\Users\qtri1\AppData\Roaming\Code\User\workspaceStorage\0ca46199a10a4d282ee914929ee5a100\redhat.java -Daether.dependencyCollector.impl=bf c:\Users\qtri1\.vscode\extensions\redhat.java-1.31.0-win32-x64\server\plugins\org.eclipse.equinox.launcher_1.6.800.v20240513-1750.jar -configuration c:\Users\qtri1\AppData\Roaming\Code\User\globalStorage\redhat.java\1.31.0\config_win -data c:\Users\qtri1\AppData\Roaming\Code\User\workspaceStorage\0ca46199a10a4d282ee914929ee5a100\redhat.java\jdt_ws --pipe=\\.\pipe\lsp-ab21bf6a25727631780322a81f44a3a1-sock

Host: Intel(R) Core(TM) i5-6300HQ CPU @ 2.30GHz, 4 cores, 7G,  Windows 10 , 64 bit Build 19041 (10.0.19041.3636)
Time: Wed Jun 12 13:51:40 2024 SE Asia Standard Time elapsed time: 10.426152 seconds (0d 0h 0m 10s)

---------------  T H R E A D  ---------------

Current thread (0x0000024af4495640):  JavaThread "C2 CompilerThread0" daemon [_thread_in_native, id=7960, stack(0x000000c984f00000,0x000000c985000000)]


Current CompileTask:
C2:  10426 5556       4       java.util.stream.SortedOps$SizedRefSortingSink::end (129 bytes)

Stack: [0x000000c984f00000,0x000000c985000000]
Native frames: (J=compiled Java code, j=interpreted, Vv=VM code, C=native code)
V  [jvm.dll+0x67d429]
V  [jvm.dll+0x834b7a]
V  [jvm.dll+0x83663e]
V  [jvm.dll+0x836ca3]
V  [jvm.dll+0x247dbf]
V  [jvm.dll+0xac534]
V  [jvm.dll+0xacb7c]
V  [jvm.dll+0x366647]
V  [jvm.dll+0x330bba]
V  [jvm.dll+0x33005a]
V  [jvm.dll+0x21a471]
V  [jvm.dll+0x2198b1]
V  [jvm.dll+0x1a534d]
V  [jvm.dll+0x2295cd]
V  [jvm.dll+0x22779c]
V  [jvm.dll+0x7e9d07]
V  [jvm.dll+0x7e410a]
V  [jvm.dll+0x67c315]
C  [ucrtbase.dll+0x21bb2]
C  [KERNEL32.DLL+0x17344]
C  [ntdll.dll+0x526b1]


---------------  P R O C E S S  ---------------

Threads class SMR info:
_java_thread_list=0x0000024afcfe0e10, length=32, elements={
0x0000024ae0625200, 0x0000024ae06dae70, 0x0000024ae06de8b0, 0x0000024af448f030,
0x0000024af448fdc0, 0x0000024af4490b50, 0x0000024af4492630, 0x0000024af4495640,
0x0000024af44bc220, 0x0000024af9690bd0, 0x0000024af976e050, 0x0000024af9a70040,
0x0000024af9e345e0, 0x0000024afa167530, 0x0000024afa442fe0, 0x0000024afaab7ae0,
0x0000024afaa49910, 0x0000024afa1f0070, 0x0000024afa1f14b0, 0x0000024afa1f19c0,
0x0000024afa1f0580, 0x0000024afaf28060, 0x0000024afaf28570, 0x0000024afaf2adf0,
0x0000024afaf28f90, 0x0000024afaf2a3d0, 0x0000024afaf294a0, 0x0000024afaf299b0,
0x0000024afaf29ec0, 0x0000024afaf2b810, 0x0000024afcc9c820, 0x0000024afb5e9a00
}

Java Threads: ( => current thread )
  0x0000024ae0625200 JavaThread "main" [_thread_blocked, id=5492, stack(0x000000c984600000,0x000000c984700000)]
  0x0000024ae06dae70 JavaThread "Reference Handler" daemon [_thread_blocked, id=13620, stack(0x000000c984900000,0x000000c984a00000)]
  0x0000024ae06de8b0 JavaThread "Finalizer" daemon [_thread_blocked, id=13424, stack(0x000000c984a00000,0x000000c984b00000)]
  0x0000024af448f030 JavaThread "Signal Dispatcher" daemon [_thread_blocked, id=17516, stack(0x000000c984b00000,0x000000c984c00000)]
  0x0000024af448fdc0 JavaThread "Attach Listener" daemon [_thread_blocked, id=1740, stack(0x000000c984c00000,0x000000c984d00000)]
  0x0000024af4490b50 JavaThread "Service Thread" daemon [_thread_blocked, id=436, stack(0x000000c984d00000,0x000000c984e00000)]
  0x0000024af4492630 JavaThread "Monitor Deflation Thread" daemon [_thread_blocked, id=15752, stack(0x000000c984e00000,0x000000c984f00000)]
=>0x0000024af4495640 JavaThread "C2 CompilerThread0" daemon [_thread_in_native, id=7960, stack(0x000000c984f00000,0x000000c985000000)]
  0x0000024af44bc220 JavaThread "C1 CompilerThread0" daemon [_thread_blocked, id=6980, stack(0x000000c985000000,0x000000c985100000)]
  0x0000024af9690bd0 JavaThread "Sweeper thread" daemon [_thread_blocked, id=3856, stack(0x000000c985100000,0x000000c985200000)]
  0x0000024af976e050 JavaThread "Common-Cleaner" daemon [_thread_blocked, id=7436, stack(0x000000c985200000,0x000000c985300000)]
  0x0000024af9a70040 JavaThread "Notification Thread" daemon [_thread_blocked, id=18540, stack(0x000000c985300000,0x000000c985400000)]
  0x0000024af9e345e0 JavaThread "Active Thread: Equinox Container: 984a65da-3d1e-40df-8f72-06fa1e585566" [_thread_blocked, id=17916, stack(0x000000c985900000,0x000000c985a00000)]
  0x0000024afa167530 JavaThread "Framework Event Dispatcher: Equinox Container: 984a65da-3d1e-40df-8f72-06fa1e585566" daemon [_thread_blocked, id=9824, stack(0x000000c985a00000,0x000000c985b00000)]
  0x0000024afa442fe0 JavaThread "Start Level: Equinox Container: 984a65da-3d1e-40df-8f72-06fa1e585566" daemon [_thread_blocked, id=7736, stack(0x000000c985b00000,0x000000c985c00000)]
  0x0000024afaab7ae0 JavaThread "Bundle File Closer" daemon [_thread_blocked, id=9376, stack(0x000000c985800000,0x000000c985900000)]
  0x0000024afaa49910 JavaThread "SCR Component Actor" daemon [_thread_blocked, id=15832, stack(0x000000c985c00000,0x000000c985d00000)]
  0x0000024afa1f0070 JavaThread "Worker-JM" [_thread_blocked, id=4516, stack(0x000000c985e00000,0x000000c985f00000)]
  0x0000024afa1f14b0 JavaThread "Worker-0" [_thread_blocked, id=19368, stack(0x000000c985f00000,0x000000c986000000)]
  0x0000024afa1f19c0 JavaThread "Worker-1: Initialize Workspace" [_thread_in_vm, id=2288, stack(0x000000c986000000,0x000000c986100000)]
  0x0000024afa1f0580 JavaThread "Java indexing" daemon [_thread_blocked, id=9312, stack(0x000000c986200000,0x000000c986300000)]
  0x0000024afaf28060 JavaThread "Worker-2" [_thread_blocked, id=14440, stack(0x000000c986100000,0x000000c986200000)]
  0x0000024afaf28570 JavaThread "JNA Cleaner" daemon [_thread_blocked, id=11960, stack(0x000000c986400000,0x000000c986500000)]
  0x0000024afaf2adf0 JavaThread "Thread-2" daemon [_thread_in_native, id=13512, stack(0x000000c986700000,0x000000c986800000)]
  0x0000024afaf28f90 JavaThread "Thread-3" daemon [_thread_in_native, id=12784, stack(0x000000c986800000,0x000000c986900000)]
  0x0000024afaf2a3d0 JavaThread "Thread-4" daemon [_thread_in_native, id=15700, stack(0x000000c986900000,0x000000c986a00000)]
  0x0000024afaf294a0 JavaThread "Thread-5" daemon [_thread_in_native, id=10252, stack(0x000000c986a00000,0x000000c986b00000)]
  0x0000024afaf299b0 JavaThread "Thread-6" daemon [_thread_in_native, id=15432, stack(0x000000c986b00000,0x000000c986c00000)]
  0x0000024afaf29ec0 JavaThread "pool-2-thread-1" [_thread_blocked, id=7864, stack(0x000000c986c00000,0x000000c986d00000)]
  0x0000024afaf2b810 JavaThread "WorkspaceEventsHandler" [_thread_blocked, id=14188, stack(0x000000c986d00000,0x000000c986e00000)]
  0x0000024afcc9c820 JavaThread "pool-1-thread-1" [_thread_blocked, id=6228, stack(0x000000c986e00000,0x000000c986f00000)]
  0x0000024afb5e9a00 JavaThread "C2 CompilerThread1" daemon [_thread_in_native, id=3380, stack(0x000000c986300000,0x000000c986400000)]

Other Threads:
  0x0000024af4456570 VMThread "VM Thread" [stack: 0x000000c984800000,0x000000c984900000] [id=18980]
  0x0000024af97d92c0 WatcherThread [stack: 0x000000c985400000,0x000000c985500000] [id=19212]
  0x0000024ae063b190 GCTaskThread "GC Thread#0" [stack: 0x000000c984700000,0x000000c984800000] [id=3796]
  0x0000024afa068cd0 GCTaskThread "GC Thread#1" [stack: 0x000000c985500000,0x000000c985600000] [id=18832]
  0x0000024af9971260 GCTaskThread "GC Thread#2" [stack: 0x000000c985600000,0x000000c985700000] [id=19428]
  0x0000024af9e8a030 GCTaskThread "GC Thread#3" [stack: 0x000000c985700000,0x000000c985800000] [id=6728]

Threads with active compile tasks:
C2 CompilerThread0    10460 5556       4       java.util.stream.SortedOps$SizedRefSortingSink::end (129 bytes)
C2 CompilerThread1    10460 5557   !   4       com.google.inject.spi.InjectionPoint::getInjectionPoints (491 bytes)

VM state: not at safepoint (normal execution)

VM Mutex/Monitor currently owned by a thread: None

Heap address: 0x00000000c0000000, size: 1024 MB, Compressed Oops mode: 32-bit

CDS archive(s) not mapped
Compressed class space mapped at: 0x0000000100000000-0x0000000140000000, reserved size: 1073741824
Narrow klass base: 0x0000000000000000, Narrow klass shift: 3, Narrow klass range: 0x140000000

GC Precious Log:
 CPUs: 4 total, 4 available
 Memory: 8028M
 Large Page Support: Disabled
 NUMA Support: Disabled
 Compressed Oops: Enabled (32-bit)
 Alignments: Space 512K, Generation 512K, Heap 2M
 Heap Min Capacity: 100M
 Heap Initial Capacity: 100M
 Heap Max Capacity: 1G
 Pre-touch: Disabled
 Parallel Workers: 4

Heap:
 PSYoungGen      total 23552K, used 22386K [0x00000000eab00000, 0x00000000ec780000, 0x0000000100000000)
  eden space 22016K, 94% used [0x00000000eab00000,0x00000000ebf5edd0,0x00000000ec080000)
  from space 1536K, 99% used [0x00000000ec400000,0x00000000ec57dbd8,0x00000000ec580000)
  to   space 2048K, 0% used [0x00000000ec580000,0x00000000ec580000,0x00000000ec780000)
 ParOldGen       total 68608K, used 19941K [0x00000000c0000000, 0x00000000c4300000, 0x00000000eab00000)
  object space 68608K, 29% used [0x00000000c0000000,0x00000000c1379710,0x00000000c4300000)
 Metaspace       used 50904K, committed 51776K, reserved 1114112K
  class space    used 5496K, committed 5888K, reserved 1048576K

Card table byte_map: [0x0000024adffc0000,0x0000024ae01d0000] _byte_map_base: 0x0000024adf9c0000

Marking Bits: (ParMarkBitMap*) 0x00007ff84cefd820
 Begin Bits: [0x0000024af22c0000, 0x0000024af32c0000)
 End Bits:   [0x0000024af32c0000, 0x0000024af42c0000)

Polling page: 0x0000024ade4e0000

Metaspace:

Usage:
  Non-class:     44.35 MB used.
      Class:      5.37 MB used.
       Both:     49.71 MB used.

Virtual space:
  Non-class space:       64.00 MB reserved,      44.81 MB ( 70%) committed,  1 nodes.
      Class space:        1.00 GB reserved,       5.75 MB ( <1%) committed,  1 nodes.
             Both:        1.06 GB reserved,      50.56 MB (  5%) committed. 

Chunk freelists:
   Non-Class:  2.73 MB
       Class:  10.20 MB
        Both:  12.92 MB

MaxMetaspaceSize: unlimited
CompressedClassSpaceSize: 1.00 GB
Initial GC threshold: 21.00 MB
Current GC threshold: 58.38 MB
CDS: off
MetaspaceReclaimPolicy: balanced
 - commit_granule_bytes: 65536.
 - commit_granule_words: 8192.
 - virtual_space_node_default_size: 8388608.
 - enlarge_chunks_in_place: 1.
 - new_chunks_are_fully_committed: 0.
 - uncommit_free_chunks: 1.
 - use_allocation_guard: 0.
 - handle_deallocations: 1.


Internal statistics:

num_allocs_failed_limit: 6.
num_arena_births: 552.
num_arena_deaths: 38.
num_vsnodes_births: 2.
num_vsnodes_deaths: 0.
num_space_committed: 810.
num_space_uncommitted: 0.
num_chunks_returned_to_freelist: 52.
num_chunks_taken_from_freelist: 2447.
num_chunk_merges: 11.
num_chunk_splits: 1525.
num_chunks_enlarged: 944.
num_inconsistent_stats: 0.

CodeHeap 'non-profiled nmethods': size=120000Kb used=2647Kb max_used=2670Kb free=117352Kb
 bounds [0x0000024aead90000, 0x0000024aeb040000, 0x0000024af22c0000]
CodeHeap 'profiled nmethods': size=120000Kb used=9873Kb max_used=10666Kb free=110127Kb
 bounds [0x0000024ae32c0000, 0x0000024ae3d30000, 0x0000024aea7f0000]
CodeHeap 'non-nmethods': size=5760Kb used=1291Kb max_used=1363Kb free=4468Kb
 bounds [0x0000024aea7f0000, 0x0000024aeaa60000, 0x0000024aead90000]
 total_blobs=5494 nmethods=4868 adapters=539
 compilation: enabled
              stopped_count=0, restarted_count=0
 full_count=0

Compilation events (20 events):
Event: 10.296 Thread 0x0000024af44bc220 nmethod 5614 0x0000024ae3510910 code [0x0000024ae3510b40, 0x0000024ae3511458]
Event: 10.296 Thread 0x0000024af44bc220 5615       3       com.google.inject.internal.aop.ClassBuilding::canFastInvoke (92 bytes)
Event: 10.296 Thread 0x0000024af44bc220 nmethod 5615 0x0000024ae3510110 code [0x0000024ae35102c0, 0x0000024ae3510548]
Event: 10.296 Thread 0x0000024af44bc220 5616       3       com.google.inject.internal.BytecodeGen::fastClass (14 bytes)
Event: 10.297 Thread 0x0000024af44bc220 nmethod 5616 0x0000024ae377b710 code [0x0000024ae377b8c0, 0x0000024ae377bc18]
Event: 10.416 Thread 0x0000024af44bc220 5617       3       com.google.common.collect.ImmutableMap::of (4 bytes)
Event: 10.416 Thread 0x0000024af44bc220 nmethod 5617 0x0000024ae33abf10 code [0x0000024ae33ac0a0, 0x0000024ae33ac198]
Event: 10.416 Thread 0x0000024af44bc220 5618       3       com.google.inject.internal.ConstructorBindingImpl::initialize (37 bytes)
Event: 10.416 Thread 0x0000024af44bc220 nmethod 5618 0x0000024ae377ae10 code [0x0000024ae377afe0, 0x0000024ae377b478]
Event: 10.416 Thread 0x0000024af44bc220 5619       3       java.lang.reflect.Constructor::hashCode (11 bytes)
Event: 10.416 Thread 0x0000024af44bc220 nmethod 5619 0x0000024ae377a910 code [0x0000024ae377aac0, 0x0000024ae377ad18]
Event: 10.416 Thread 0x0000024af44bc220 5620       3       com.google.inject.internal.ConstructorInjectorStore$1::create (10 bytes)
Event: 10.417 Thread 0x0000024af44bc220 nmethod 5620 0x0000024ae377a310 code [0x0000024ae377a4c0, 0x0000024ae377a7a8]
Event: 10.417 Thread 0x0000024af44bc220 5621       3       com.google.inject.internal.InjectorBindingData::getInterceptorBindings (52 bytes)
Event: 10.418 Thread 0x0000024af44bc220 nmethod 5621 0x0000024ae3779490 code [0x0000024ae37796e0, 0x0000024ae3779fb8]
Event: 10.418 Thread 0x0000024af44bc220 5622       3       com.google.common.collect.Lists::transform (29 bytes)
Event: 10.418 Thread 0x0000024af44bc220 nmethod 5622 0x0000024ae3778590 code [0x0000024ae37787c0, 0x0000024ae3779188]
Event: 10.418 Thread 0x0000024af44bc220 5623       3       com.google.common.collect.Lists$TransformingRandomAccessList::<init> (27 bytes)
Event: 10.418 Thread 0x0000024af44bc220 nmethod 5623 0x0000024ae3777a10 code [0x0000024ae3777c20, 0x0000024ae3778358]
Event: 10.420 Thread 0x0000024af44bc220 5624       3       com.google.common.cache.LocalCache$Segment::expand (282 bytes)

GC Heap History (20 events):
Event: 5.154 GC heap before
{Heap before GC invocations=10 (full 1):
 PSYoungGen      total 27136K, used 26855K [0x00000000eab00000, 0x00000000ecb00000, 0x0000000100000000)
  eden space 24064K, 100% used [0x00000000eab00000,0x00000000ec280000,0x00000000ec280000)
  from space 3072K, 90% used [0x00000000ec800000,0x00000000ecab9c68,0x00000000ecb00000)
  to   space 3584K, 0% used [0x00000000ec400000,0x00000000ec400000,0x00000000ec780000)
 ParOldGen       total 68608K, used 12526K [0x00000000c0000000, 0x00000000c4300000, 0x00000000eab00000)
  object space 68608K, 18% used [0x00000000c0000000,0x00000000c0c3bbf8,0x00000000c4300000)
 Metaspace       used 31308K, committed 32000K, reserved 1114112K
  class space    used 3036K, committed 3328K, reserved 1048576K
}
Event: 5.156 GC heap after
{Heap after GC invocations=10 (full 1):
 PSYoungGen      total 27136K, used 3583K [0x00000000eab00000, 0x00000000ecd00000, 0x0000000100000000)
  eden space 23552K, 0% used [0x00000000eab00000,0x00000000eab00000,0x00000000ec200000)
  from space 3584K, 99% used [0x00000000ec400000,0x00000000ec77fec8,0x00000000ec780000)
  to   space 5632K, 0% used [0x00000000ec780000,0x00000000ec780000,0x00000000ecd00000)
 ParOldGen       total 68608K, used 14132K [0x00000000c0000000, 0x00000000c4300000, 0x00000000eab00000)
  object space 68608K, 20% used [0x00000000c0000000,0x00000000c0dcd240,0x00000000c4300000)
 Metaspace       used 31308K, committed 32000K, reserved 1114112K
  class space    used 3036K, committed 3328K, reserved 1048576K
}
Event: 5.899 GC heap before
{Heap before GC invocations=11 (full 1):
 PSYoungGen      total 27136K, used 27135K [0x00000000eab00000, 0x00000000ecd00000, 0x0000000100000000)
  eden space 23552K, 100% used [0x00000000eab00000,0x00000000ec200000,0x00000000ec200000)
  from space 3584K, 99% used [0x00000000ec400000,0x00000000ec77fec8,0x00000000ec780000)
  to   space 5632K, 0% used [0x00000000ec780000,0x00000000ec780000,0x00000000ecd00000)
 ParOldGen       total 68608K, used 14132K [0x00000000c0000000, 0x00000000c4300000, 0x00000000eab00000)
  object space 68608K, 20% used [0x00000000c0000000,0x00000000c0dcd240,0x00000000c4300000)
 Metaspace       used 35058K, committed 35776K, reserved 1114112K
  class space    used 3464K, committed 3776K, reserved 1048576K
}
Event: 5.902 GC heap after
{Heap after GC invocations=11 (full 1):
 PSYoungGen      total 26624K, used 3190K [0x00000000eab00000, 0x00000000ecb00000, 0x0000000100000000)
  eden space 23040K, 0% used [0x00000000eab00000,0x00000000eab00000,0x00000000ec180000)
  from space 3584K, 89% used [0x00000000ec780000,0x00000000eca9d9c8,0x00000000ecb00000)
  to   space 4096K, 0% used [0x00000000ec300000,0x00000000ec300000,0x00000000ec700000)
 ParOldGen       total 68608K, used 15523K [0x00000000c0000000, 0x00000000c4300000, 0x00000000eab00000)
  object space 68608K, 22% used [0x00000000c0000000,0x00000000c0f28fc8,0x00000000c4300000)
 Metaspace       used 35058K, committed 35776K, reserved 1114112K
  class space    used 3464K, committed 3776K, reserved 1048576K
}
Event: 5.905 GC heap before
{Heap before GC invocations=12 (full 1):
 PSYoungGen      total 26624K, used 3839K [0x00000000eab00000, 0x00000000ecb00000, 0x0000000100000000)
  eden space 23040K, 2% used [0x00000000eab00000,0x00000000eaba24f8,0x00000000ec180000)
  from space 3584K, 89% used [0x00000000ec780000,0x00000000eca9d9c8,0x00000000ecb00000)
  to   space 4096K, 0% used [0x00000000ec300000,0x00000000ec300000,0x00000000ec700000)
 ParOldGen       total 68608K, used 15523K [0x00000000c0000000, 0x00000000c4300000, 0x00000000eab00000)
  object space 68608K, 22% used [0x00000000c0000000,0x00000000c0f28fc8,0x00000000c4300000)
 Metaspace       used 35154K, committed 35840K, reserved 1114112K
  class space    used 3475K, committed 3776K, reserved 1048576K
}
Event: 5.908 GC heap after
{Heap after GC invocations=12 (full 1):
 PSYoungGen      total 23552K, used 128K [0x00000000eab00000, 0x00000000ec800000, 0x0000000100000000)
  eden space 23040K, 0% used [0x00000000eab00000,0x00000000eab00000,0x00000000ec180000)
  from space 512K, 25% used [0x00000000ec300000,0x00000000ec320000,0x00000000ec380000)
  to   space 1536K, 0% used [0x00000000ec680000,0x00000000ec680000,0x00000000ec800000)
 ParOldGen       total 68608K, used 18667K [0x00000000c0000000, 0x00000000c4300000, 0x00000000eab00000)
  object space 68608K, 27% used [0x00000000c0000000,0x00000000c123adb0,0x00000000c4300000)
 Metaspace       used 35154K, committed 35840K, reserved 1114112K
  class space    used 3475K, committed 3776K, reserved 1048576K
}
Event: 5.908 GC heap before
{Heap before GC invocations=13 (full 2):
 PSYoungGen      total 23552K, used 128K [0x00000000eab00000, 0x00000000ec800000, 0x0000000100000000)
  eden space 23040K, 0% used [0x00000000eab00000,0x00000000eab00000,0x00000000ec180000)
  from space 512K, 25% used [0x00000000ec300000,0x00000000ec320000,0x00000000ec380000)
  to   space 1536K, 0% used [0x00000000ec680000,0x00000000ec680000,0x00000000ec800000)
 ParOldGen       total 68608K, used 18667K [0x00000000c0000000, 0x00000000c4300000, 0x00000000eab00000)
  object space 68608K, 27% used [0x00000000c0000000,0x00000000c123adb0,0x00000000c4300000)
 Metaspace       used 35154K, committed 35840K, reserved 1114112K
  class space    used 3475K, committed 3776K, reserved 1048576K
}
Event: 5.935 GC heap after
{Heap after GC invocations=13 (full 2):
 PSYoungGen      total 23552K, used 0K [0x00000000eab00000, 0x00000000ec800000, 0x0000000100000000)
  eden space 23040K, 0% used [0x00000000eab00000,0x00000000eab00000,0x00000000ec180000)
  from space 512K, 0% used [0x00000000ec300000,0x00000000ec300000,0x00000000ec380000)
  to   space 1536K, 0% used [0x00000000ec680000,0x00000000ec680000,0x00000000ec800000)
 ParOldGen       total 68608K, used 14812K [0x00000000c0000000, 0x00000000c4300000, 0x00000000eab00000)
  object space 68608K, 21% used [0x00000000c0000000,0x00000000c0e77310,0x00000000c4300000)
 Metaspace       used 35132K, committed 35840K, reserved 1114112K
  class space    used 3469K, committed 3776K, reserved 1048576K
}
Event: 6.366 GC heap before
{Heap before GC invocations=14 (full 2):
 PSYoungGen      total 23552K, used 23040K [0x00000000eab00000, 0x00000000ec800000, 0x0000000100000000)
  eden space 23040K, 100% used [0x00000000eab00000,0x00000000ec180000,0x00000000ec180000)
  from space 512K, 0% used [0x00000000ec300000,0x00000000ec300000,0x00000000ec380000)
  to   space 1536K, 0% used [0x00000000ec680000,0x00000000ec680000,0x00000000ec800000)
 ParOldGen       total 68608K, used 14812K [0x00000000c0000000, 0x00000000c4300000, 0x00000000eab00000)
  object space 68608K, 21% used [0x00000000c0000000,0x00000000c0e77310,0x00000000c4300000)
 Metaspace       used 37557K, committed 38336K, reserved 1114112K
  class space    used 3824K, committed 4160K, reserved 1048576K
}
Event: 6.368 GC heap after
{Heap after GC invocations=14 (full 2):
 PSYoungGen      total 23552K, used 845K [0x00000000eab00000, 0x00000000ec780000, 0x0000000100000000)
  eden space 22528K, 0% used [0x00000000eab00000,0x00000000eab00000,0x00000000ec100000)
  from space 1024K, 82% used [0x00000000ec680000,0x00000000ec753668,0x00000000ec780000)
  to   space 1024K, 0% used [0x00000000ec580000,0x00000000ec580000,0x00000000ec680000)
 ParOldGen       total 68608K, used 14820K [0x00000000c0000000, 0x00000000c4300000, 0x00000000eab00000)
  object space 68608K, 21% used [0x00000000c0000000,0x00000000c0e79310,0x00000000c4300000)
 Metaspace       used 37557K, committed 38336K, reserved 1114112K
  class space    used 3824K, committed 4160K, reserved 1048576K
}
Event: 6.818 GC heap before
{Heap before GC invocations=15 (full 2):
 PSYoungGen      total 23552K, used 23373K [0x00000000eab00000, 0x00000000ec780000, 0x0000000100000000)
  eden space 22528K, 100% used [0x00000000eab00000,0x00000000ec100000,0x00000000ec100000)
  from space 1024K, 82% used [0x00000000ec680000,0x00000000ec753668,0x00000000ec780000)
  to   space 1024K, 0% used [0x00000000ec580000,0x00000000ec580000,0x00000000ec680000)
 ParOldGen       total 68608K, used 14820K [0x00000000c0000000, 0x00000000c4300000, 0x00000000eab00000)
  object space 68608K, 21% used [0x00000000c0000000,0x00000000c0e79310,0x00000000c4300000)
 Metaspace       used 39919K, committed 40704K, reserved 1114112K
  class space    used 4092K, committed 4416K, reserved 1048576K
}
Event: 6.820 GC heap after
{Heap after GC invocations=15 (full 2):
 PSYoungGen      total 23040K, used 1018K [0x00000000eab00000, 0x00000000ec700000, 0x0000000100000000)
  eden space 22016K, 0% used [0x00000000eab00000,0x00000000eab00000,0x00000000ec080000)
  from space 1024K, 99% used [0x00000000ec580000,0x00000000ec67e8c8,0x00000000ec680000)
  to   space 512K, 0% used [0x00000000ec680000,0x00000000ec680000,0x00000000ec700000)
 ParOldGen       total 68608K, used 15625K [0x00000000c0000000, 0x00000000c4300000, 0x00000000eab00000)
  object space 68608K, 22% used [0x00000000c0000000,0x00000000c0f426f8,0x00000000c4300000)
 Metaspace       used 39919K, committed 40704K, reserved 1114112K
  class space    used 4092K, committed 4416K, reserved 1048576K
}
Event: 7.325 GC heap before
{Heap before GC invocations=16 (full 2):
 PSYoungGen      total 23040K, used 23034K [0x00000000eab00000, 0x00000000ec700000, 0x0000000100000000)
  eden space 22016K, 100% used [0x00000000eab00000,0x00000000ec080000,0x00000000ec080000)
  from space 1024K, 99% used [0x00000000ec580000,0x00000000ec67e8c8,0x00000000ec680000)
  to   space 512K, 0% used [0x00000000ec680000,0x00000000ec680000,0x00000000ec700000)
 ParOldGen       total 68608K, used 15625K [0x00000000c0000000, 0x00000000c4300000, 0x00000000eab00000)
  object space 68608K, 22% used [0x00000000c0000000,0x00000000c0f426f8,0x00000000c4300000)
 Metaspace       used 42548K, committed 43456K, reserved 1114112K
  class space    used 4425K, committed 4800K, reserved 1048576K
}
Event: 7.327 GC heap after
{Heap after GC invocations=16 (full 2):
 PSYoungGen      total 22528K, used 512K [0x00000000eab00000, 0x00000000ec700000, 0x0000000100000000)
  eden space 22016K, 0% used [0x00000000eab00000,0x00000000eab00000,0x00000000ec080000)
  from space 512K, 100% used [0x00000000ec680000,0x00000000ec700000,0x00000000ec700000)
  to   space 2048K, 0% used [0x00000000ec300000,0x00000000ec300000,0x00000000ec500000)
 ParOldGen       total 68608K, used 16783K [0x00000000c0000000, 0x00000000c4300000, 0x00000000eab00000)
  object space 68608K, 24% used [0x00000000c0000000,0x00000000c1063fb8,0x00000000c4300000)
 Metaspace       used 42548K, committed 43456K, reserved 1114112K
  class space    used 4425K, committed 4800K, reserved 1048576K
}
Event: 7.651 GC heap before
{Heap before GC invocations=17 (full 2):
 PSYoungGen      total 22528K, used 22528K [0x00000000eab00000, 0x00000000ec700000, 0x0000000100000000)
  eden space 22016K, 100% used [0x00000000eab00000,0x00000000ec080000,0x00000000ec080000)
  from space 512K, 100% used [0x00000000ec680000,0x00000000ec700000,0x00000000ec700000)
  to   space 2048K, 0% used [0x00000000ec300000,0x00000000ec300000,0x00000000ec500000)
 ParOldGen       total 68608K, used 16783K [0x00000000c0000000, 0x00000000c4300000, 0x00000000eab00000)
  object space 68608K, 24% used [0x00000000c0000000,0x00000000c1063fb8,0x00000000c4300000)
 Metaspace       used 45073K, committed 45952K, reserved 1114112K
  class space    used 4771K, committed 5184K, reserved 1048576K
}
Event: 7.652 GC heap after
{Heap after GC invocations=17 (full 2):
 PSYoungGen      total 24064K, used 1088K [0x00000000eab00000, 0x00000000ec700000, 0x0000000100000000)
  eden space 22016K, 0% used [0x00000000eab00000,0x00000000eab00000,0x00000000ec080000)
  from space 2048K, 53% used [0x00000000ec300000,0x00000000ec410000,0x00000000ec500000)
  to   space 1536K, 0% used [0x00000000ec580000,0x00000000ec580000,0x00000000ec700000)
 ParOldGen       total 68608K, used 17281K [0x00000000c0000000, 0x00000000c4300000, 0x00000000eab00000)
  object space 68608K, 25% used [0x00000000c0000000,0x00000000c10e07f8,0x00000000c4300000)
 Metaspace       used 45073K, committed 45952K, reserved 1114112K
  class space    used 4771K, committed 5184K, reserved 1048576K
}
Event: 8.512 GC heap before
{Heap before GC invocations=18 (full 2):
 PSYoungGen      total 24064K, used 23104K [0x00000000eab00000, 0x00000000ec700000, 0x0000000100000000)
  eden space 22016K, 100% used [0x00000000eab00000,0x00000000ec080000,0x00000000ec080000)
  from space 2048K, 53% used [0x00000000ec300000,0x00000000ec410000,0x00000000ec500000)
  to   space 1536K, 0% used [0x00000000ec580000,0x00000000ec580000,0x00000000ec700000)
 ParOldGen       total 68608K, used 17281K [0x00000000c0000000, 0x00000000c4300000, 0x00000000eab00000)
  object space 68608K, 25% used [0x00000000c0000000,0x00000000c10e07f8,0x00000000c4300000)
 Metaspace       used 47773K, committed 48576K, reserved 1114112K
  class space    used 5122K, committed 5504K, reserved 1048576K
}
Event: 8.515 GC heap after
{Heap after GC invocations=18 (full 2):
 PSYoungGen      total 23552K, used 1296K [0x00000000eab00000, 0x00000000ec700000, 0x0000000100000000)
  eden space 22016K, 0% used [0x00000000eab00000,0x00000000eab00000,0x00000000ec080000)
  from space 1536K, 84% used [0x00000000ec580000,0x00000000ec6c4120,0x00000000ec700000)
  to   space 1536K, 0% used [0x00000000ec400000,0x00000000ec400000,0x00000000ec580000)
 ParOldGen       total 68608K, used 18317K [0x00000000c0000000, 0x00000000c4300000, 0x00000000eab00000)
  object space 68608K, 26% used [0x00000000c0000000,0x00000000c11e3508,0x00000000c4300000)
 Metaspace       used 47773K, committed 48576K, reserved 1114112K
  class space    used 5122K, committed 5504K, reserved 1048576K
}
Event: 9.648 GC heap before
{Heap before GC invocations=19 (full 2):
 PSYoungGen      total 23552K, used 23304K [0x00000000eab00000, 0x00000000ec700000, 0x0000000100000000)
  eden space 22016K, 99% used [0x00000000eab00000,0x00000000ec07df80,0x00000000ec080000)
  from space 1536K, 84% used [0x00000000ec580000,0x00000000ec6c4120,0x00000000ec700000)
  to   space 1536K, 0% used [0x00000000ec400000,0x00000000ec400000,0x00000000ec580000)
 ParOldGen       total 68608K, used 18317K [0x00000000c0000000, 0x00000000c4300000, 0x00000000eab00000)
  object space 68608K, 26% used [0x00000000c0000000,0x00000000c11e3508,0x00000000c4300000)
 Metaspace       used 50046K, committed 50944K, reserved 1114112K
  class space    used 5416K, committed 5824K, reserved 1048576K
}
Event: 9.650 GC heap after
{Heap after GC invocations=19 (full 2):
 PSYoungGen      total 23552K, used 1526K [0x00000000eab00000, 0x00000000ec780000, 0x0000000100000000)
  eden space 22016K, 0% used [0x00000000eab00000,0x00000000eab00000,0x00000000ec080000)
  from space 1536K, 99% used [0x00000000ec400000,0x00000000ec57dbd8,0x00000000ec580000)
  to   space 2048K, 0% used [0x00000000ec580000,0x00000000ec580000,0x00000000ec780000)
 ParOldGen       total 68608K, used 19941K [0x00000000c0000000, 0x00000000c4300000, 0x00000000eab00000)
  object space 68608K, 29% used [0x00000000c0000000,0x00000000c1379710,0x00000000c4300000)
 Metaspace       used 50046K, committed 50944K, reserved 1114112K
  class space    used 5416K, committed 5824K, reserved 1048576K
}

Dll operation events (10 events):
Event: 0.008 Loaded shared library c:\Users\qtri1\.vscode\extensions\redhat.java-1.31.0-win32-x64\jre\17.0.11-win32-x86_64\bin\java.dll
Event: 0.237 Loaded shared library c:\Users\qtri1\.vscode\extensions\redhat.java-1.31.0-win32-x64\jre\17.0.11-win32-x86_64\bin\zip.dll
Event: 0.239 Loaded shared library C:\Users\qtri1\.vscode\extensions\redhat.java-1.31.0-win32-x64\jre\17.0.11-win32-x86_64\bin\instrument.dll
Event: 0.251 Loaded shared library C:\Users\qtri1\.vscode\extensions\redhat.java-1.31.0-win32-x64\jre\17.0.11-win32-x86_64\bin\net.dll
Event: 0.253 Loaded shared library C:\Users\qtri1\.vscode\extensions\redhat.java-1.31.0-win32-x64\jre\17.0.11-win32-x86_64\bin\nio.dll
Event: 0.265 Loaded shared library C:\Users\qtri1\.vscode\extensions\redhat.java-1.31.0-win32-x64\jre\17.0.11-win32-x86_64\bin\zip.dll
Event: 0.312 Loaded shared library C:\Users\qtri1\.vscode\extensions\redhat.java-1.31.0-win32-x64\jre\17.0.11-win32-x86_64\bin\jimage.dll
Event: 0.464 Loaded shared library c:\Users\qtri1\.vscode\extensions\redhat.java-1.31.0-win32-x64\jre\17.0.11-win32-x86_64\bin\verify.dll
Event: 2.165 Loaded shared library C:\Users\qtri1\AppData\Roaming\Code\User\globalStorage\redhat.java\1.31.0\config_win\org.eclipse.equinox.launcher\org.eclipse.equinox.launcher.win32.win32.x86_64_1.2.1000.v20240507-1834\eclipse_11902.dll
Event: 6.418 Loaded shared library C:\Users\qtri1\AppData\Local\Temp\jna-107926487\jna2560243913121385663.dll

Deoptimization events (20 events):
Event: 9.279 Thread 0x0000024afaf28060 DEOPT PACKING pc=0x0000024ae3c4293f sp=0x000000c9861fc0b0
Event: 9.279 Thread 0x0000024afaf28060 DEOPT UNPACKING pc=0x0000024aea846e43 sp=0x000000c9861fb5b8 mode 0
Event: 9.295 Thread 0x0000024afcc9c820 Uncommon trap: trap_request=0xffffff45 fr.pc=0x0000024aeaea446c relative=0x00000000000001cc
Event: 9.295 Thread 0x0000024afcc9c820 Uncommon trap: reason=unstable_if action=reinterpret pc=0x0000024aeaea446c method=java.net.URI$Parser.scan(IIJJ)I @ 42 c2
Event: 9.295 Thread 0x0000024afcc9c820 DEOPT PACKING pc=0x0000024aeaea446c sp=0x000000c986efe050
Event: 9.295 Thread 0x0000024afcc9c820 DEOPT UNPACKING pc=0x0000024aea8466a3 sp=0x000000c986efdfd0 mode 2
Event: 9.296 Thread 0x0000024afcc9c820 Uncommon trap: trap_request=0xffffff45 fr.pc=0x0000024aeaf67c08 relative=0x0000000000000148
Event: 9.296 Thread 0x0000024afcc9c820 Uncommon trap: reason=unstable_if action=reinterpret pc=0x0000024aeaf67c08 method=java.nio.charset.CharsetDecoder.decode(Ljava/nio/ByteBuffer;Ljava/nio/CharBuffer;Z)Ljava/nio/charset/CoderResult; @ 1 c2
Event: 9.296 Thread 0x0000024afcc9c820 DEOPT PACKING pc=0x0000024aeaf67c08 sp=0x000000c986efe240
Event: 9.296 Thread 0x0000024afcc9c820 DEOPT UNPACKING pc=0x0000024aea8466a3 sp=0x000000c986efe1f8 mode 2
Event: 9.600 Thread 0x0000024afcc9c820 Uncommon trap: trap_request=0xffffff45 fr.pc=0x0000024aeadbae9c relative=0x00000000000002fc
Event: 9.600 Thread 0x0000024afcc9c820 Uncommon trap: reason=unstable_if action=reinterpret pc=0x0000024aeadbae9c method=java.util.HashMap$HashIterator.<init>(Ljava/util/HashMap;)V @ 45 c2
Event: 9.600 Thread 0x0000024afcc9c820 DEOPT PACKING pc=0x0000024aeadbae9c sp=0x000000c986efe380
Event: 9.600 Thread 0x0000024afcc9c820 DEOPT UNPACKING pc=0x0000024aea8466a3 sp=0x000000c986efe250 mode 2
Event: 10.028 Thread 0x0000024afa1f19c0 Uncommon trap: trap_request=0xffffff45 fr.pc=0x0000024aeaf754fc relative=0x000000000000047c
Event: 10.028 Thread 0x0000024afa1f19c0 Uncommon trap: reason=unstable_if action=reinterpret pc=0x0000024aeaf754fc method=sun.nio.cs.StreamDecoder.implRead([CII)I @ 36 c2
Event: 10.028 Thread 0x0000024afa1f19c0 DEOPT PACKING pc=0x0000024aeaf754fc sp=0x000000c9860fe130
Event: 10.028 Thread 0x0000024afa1f19c0 DEOPT UNPACKING pc=0x0000024aea8466a3 sp=0x000000c9860fe0d0 mode 2
Event: 10.135 Thread 0x0000024afa1f19c0 DEOPT PACKING pc=0x0000024ae3ad9cbb sp=0x000000c9860fdbc0
Event: 10.135 Thread 0x0000024afa1f19c0 DEOPT UNPACKING pc=0x0000024aea846e43 sp=0x000000c9860fd078 mode 0

Classes unloaded (19 events):
Event: 3.870 Thread 0x0000024af4456570 Unloading class 0x000000010024c400 'java/lang/invoke/LambdaForm$MH+0x000000010024c400'
Event: 3.870 Thread 0x0000024af4456570 Unloading class 0x000000010024c000 'java/lang/invoke/LambdaForm$MH+0x000000010024c000'
Event: 3.870 Thread 0x0000024af4456570 Unloading class 0x000000010024bc00 'java/lang/invoke/LambdaForm$MH+0x000000010024bc00'
Event: 3.870 Thread 0x0000024af4456570 Unloading class 0x000000010024b800 'java/lang/invoke/LambdaForm$MH+0x000000010024b800'
Event: 3.870 Thread 0x0000024af4456570 Unloading class 0x000000010024b400 'java/lang/invoke/LambdaForm$BMH+0x000000010024b400'
Event: 3.870 Thread 0x0000024af4456570 Unloading class 0x000000010024b000 'java/lang/invoke/LambdaForm$DMH+0x000000010024b000'
Event: 3.870 Thread 0x0000024af4456570 Unloading class 0x0000000100248400 'java/lang/invoke/LambdaForm$DMH+0x0000000100248400'
Event: 5.915 Thread 0x0000024af4456570 Unloading class 0x0000000100351c00 'java/lang/invoke/LambdaForm$MH+0x0000000100351c00'
Event: 5.915 Thread 0x0000024af4456570 Unloading class 0x0000000100351000 'java/lang/invoke/LambdaForm$MH+0x0000000100351000'
Event: 5.915 Thread 0x0000024af4456570 Unloading class 0x0000000100350800 'java/lang/invoke/LambdaForm$MH+0x0000000100350800'
Event: 5.915 Thread 0x0000024af4456570 Unloading class 0x0000000100350000 'java/lang/invoke/LambdaForm$MH+0x0000000100350000'
Event: 5.915 Thread 0x0000024af4456570 Unloading class 0x000000010034f000 'java/lang/invoke/LambdaForm$MH+0x000000010034f000'
Event: 5.915 Thread 0x0000024af4456570 Unloading class 0x000000010034b000 'java/lang/invoke/LambdaForm$MH+0x000000010034b000'
Event: 5.915 Thread 0x0000024af4456570 Unloading class 0x000000010034a800 'java/lang/invoke/LambdaForm$MH+0x000000010034a800'
Event: 5.915 Thread 0x0000024af4456570 Unloading class 0x000000010034a000 'java/lang/invoke/LambdaForm$MH+0x000000010034a000'
Event: 5.915 Thread 0x0000024af4456570 Unloading class 0x0000000100349800 'java/lang/invoke/LambdaForm$MH+0x0000000100349800'
Event: 5.915 Thread 0x0000024af4456570 Unloading class 0x0000000100349000 'java/lang/invoke/LambdaForm$MH+0x0000000100349000'
Event: 5.915 Thread 0x0000024af4456570 Unloading class 0x0000000100348800 'java/lang/invoke/LambdaForm$MH+0x0000000100348800'
Event: 5.915 Thread 0x0000024af4456570 Unloading class 0x0000000100348000 'java/lang/invoke/LambdaForm$MH+0x0000000100348000'

Classes redefined (0 events):
No events

Internal exceptions (20 events):
Event: 10.013 Thread 0x0000024afa1f19c0 Exception <a 'sun/nio/fs/WindowsException'{0x00000000eaefd5a8}> (0x00000000eaefd5a8) 
thrown [s\src\hotspot\share\prims\jni.cpp, line 516]
Event: 10.013 Thread 0x0000024afa1f19c0 Exception <a 'sun/nio/fs/WindowsException'{0x00000000eaefed88}> (0x00000000eaefed88) 
thrown [s\src\hotspot\share\prims\jni.cpp, line 516]
Event: 10.013 Thread 0x0000024afa1f19c0 Exception <a 'sun/nio/fs/WindowsException'{0x00000000eaeff668}> (0x00000000eaeff668) 
thrown [s\src\hotspot\share\prims\jni.cpp, line 516]
Event: 10.014 Thread 0x0000024afa1f19c0 Exception <a 'sun/nio/fs/WindowsException'{0x00000000eaf009c8}> (0x00000000eaf009c8) 
thrown [s\src\hotspot\share\prims\jni.cpp, line 516]
Event: 10.014 Thread 0x0000024afa1f19c0 Exception <a 'sun/nio/fs/WindowsException'{0x00000000eaf010c0}> (0x00000000eaf010c0) 
thrown [s\src\hotspot\share\prims\jni.cpp, line 516]
Event: 10.014 Thread 0x0000024afa1f19c0 Exception <a 'sun/nio/fs/WindowsException'{0x00000000eaf01c30}> (0x00000000eaf01c30) 
thrown [s\src\hotspot\share\prims\jni.cpp, line 516]
Event: 10.014 Thread 0x0000024afa1f19c0 Exception <a 'sun/nio/fs/WindowsException'{0x00000000eaf02328}> (0x00000000eaf02328) 
thrown [s\src\hotspot\share\prims\jni.cpp, line 516]
Event: 10.014 Thread 0x0000024afa1f19c0 Exception <a 'sun/nio/fs/WindowsException'{0x00000000eaf02ef8}> (0x00000000eaf02ef8) 
thrown [s\src\hotspot\share\prims\jni.cpp, line 516]
Event: 10.014 Thread 0x0000024afa1f19c0 Exception <a 'sun/nio/fs/WindowsException'{0x00000000eaf03898}> (0x00000000eaf03898) 
thrown [s\src\hotspot\share\prims\jni.cpp, line 516]
Event: 10.015 Thread 0x0000024afa1f19c0 Exception <a 'sun/nio/fs/WindowsException'{0x00000000eaf054b0}> (0x00000000eaf054b0) 
thrown [s\src\hotspot\share\prims\jni.cpp, line 516]
Event: 10.015 Thread 0x0000024afa1f19c0 Exception <a 'sun/nio/fs/WindowsException'{0x00000000eaf05e50}> (0x00000000eaf05e50) 
thrown [s\src\hotspot\share\prims\jni.cpp, line 516]
Event: 10.015 Thread 0x0000024afa1f19c0 Exception <a 'sun/nio/fs/WindowsException'{0x00000000eaf071d0}> (0x00000000eaf071d0) 
thrown [s\src\hotspot\share\prims\jni.cpp, line 516]
Event: 10.015 Thread 0x0000024afa1f19c0 Exception <a 'sun/nio/fs/WindowsException'{0x00000000eaf07808}> (0x00000000eaf07808) 
thrown [s\src\hotspot\share\prims\jni.cpp, line 516]
Event: 10.016 Thread 0x0000024afa1f19c0 Exception <a 'sun/nio/fs/WindowsException'{0x00000000eaf08140}> (0x00000000eaf08140) 
thrown [s\src\hotspot\share\prims\jni.cpp, line 516]
Event: 10.016 Thread 0x0000024afa1f19c0 Exception <a 'sun/nio/fs/WindowsException'{0x00000000eaf08778}> (0x00000000eaf08778) 
thrown [s\src\hotspot\share\prims\jni.cpp, line 516]
Event: 10.016 Thread 0x0000024afa1f19c0 Exception <a 'sun/nio/fs/WindowsException'{0x00000000eaf09110}> (0x00000000eaf09110) 
thrown [s\src\hotspot\share\prims\jni.cpp, line 516]
Event: 10.016 Thread 0x0000024afa1f19c0 Exception <a 'sun/nio/fs/WindowsException'{0x00000000eaf099f0}> (0x00000000eaf099f0) 
thrown [s\src\hotspot\share\prims\jni.cpp, line 516]
Event: 10.016 Thread 0x0000024afa1f19c0 Exception <a 'sun/nio/fs/WindowsException'{0x00000000eaf0b170}> (0x00000000eaf0b170) 
thrown [s\src\hotspot\share\prims\jni.cpp, line 516]
Event: 10.017 Thread 0x0000024afa1f19c0 Exception <a 'sun/nio/fs/WindowsException'{0x00000000eaf0ba50}> (0x00000000eaf0ba50) 
thrown [s\src\hotspot\share\prims\jni.cpp, line 516]
Event: 10.018 Thread 0x0000024afa1f19c0 Exception <a 'java/lang/NoSuchMethodError'{0x00000000eaf21088}: 'void java.lang.invoke.DirectMethodHandle$Holder.invokeVirtual(java.lang.Object, java.lang.Object, java.lang.Object, java.lang.Object)'> (0x00000000eaf21088) 
thrown [s\src\hotspot\share\interpreter\linkResolver.cpp, line 759]

VM Operations (20 events):
Event: 7.788 Executing VM operation: HandshakeAllThreads
Event: 7.788 Executing VM operation: HandshakeAllThreads done
Event: 8.387 Executing VM operation: ICBufferFull
Event: 8.388 Executing VM operation: ICBufferFull done
Event: 8.413 Executing VM operation: HandshakeAllThreads
Event: 8.413 Executing VM operation: HandshakeAllThreads done
Event: 8.413 Executing VM operation: HandshakeAllThreads
Event: 8.413 Executing VM operation: HandshakeAllThreads done
Event: 8.414 Executing VM operation: HandshakeAllThreads
Event: 8.414 Executing VM operation: HandshakeAllThreads done
Event: 8.421 Executing VM operation: HandshakeAllThreads
Event: 8.421 Executing VM operation: HandshakeAllThreads done
Event: 8.428 Executing VM operation: HandshakeAllThreads
Event: 8.429 Executing VM operation: HandshakeAllThreads done
Event: 8.512 Executing VM operation: ParallelGCFailedAllocation
Event: 8.515 Executing VM operation: ParallelGCFailedAllocation done
Event: 9.287 Executing VM operation: HandshakeAllThreads
Event: 9.287 Executing VM operation: HandshakeAllThreads done
Event: 9.648 Executing VM operation: ParallelGCFailedAllocation
Event: 9.651 Executing VM operation: ParallelGCFailedAllocation done

Events (20 events):
Event: 9.718 loading class java/nio/file/FileTreeWalker$EventType
Event: 9.718 loading class java/nio/file/FileTreeWalker$EventType done
Event: 9.719 loading class java/nio/file/Files$3
Event: 9.719 loading class java/nio/file/Files$3 done
Event: 9.719 loading class sun/nio/fs/Globs
Event: 9.719 loading class sun/nio/fs/Globs done
Event: 9.719 loading class java/util/regex/Pattern$SliceU
Event: 9.719 loading class java/util/regex/Pattern$SliceU done
Event: 9.719 loading class sun/nio/fs/WindowsFileSystem$2
Event: 9.719 loading class java/nio/file/PathMatcher
Event: 9.719 loading class java/nio/file/PathMatcher done
Event: 9.719 loading class sun/nio/fs/WindowsFileSystem$2 done
Event: 9.720 loading class sun/nio/fs/WindowsException
Event: 9.720 loading class sun/nio/fs/WindowsException done
Event: 9.720 loading class java/nio/file/FileVisitResult
Event: 9.720 loading class java/nio/file/FileVisitResult done
Event: 10.009 loading class sun/net/www/protocol/https/Handler
Event: 10.009 loading class sun/net/www/protocol/http/Handler
Event: 10.009 loading class sun/net/www/protocol/http/Handler done
Event: 10.009 loading class sun/net/www/protocol/https/Handler done


Dynamic libraries:
0x00007ff618f90000 - 0x00007ff618f9e000 	c:\Users\qtri1\.vscode\extensions\redhat.java-1.31.0-win32-x64\jre\17.0.11-win32-x86_64\bin\java.exe
0x00007ff8c3730000 - 0x00007ff8c3928000 	C:\Windows\SYSTEM32\ntdll.dll
0x00007ff8c26f0000 - 0x00007ff8c27ad000 	C:\Windows\System32\KERNEL32.DLL
0x00007ff8c0f80000 - 0x00007ff8c1276000 	C:\Windows\System32\KERNELBASE.dll
0x00007ff8c12f0000 - 0x00007ff8c13f0000 	C:\Windows\System32\ucrtbase.dll
0x00007ff8bc790000 - 0x00007ff8bc7a7000 	c:\Users\qtri1\.vscode\extensions\redhat.java-1.31.0-win32-x64\jre\17.0.11-win32-x86_64\bin\jli.dll
0x00007ff8c2df0000 - 0x00007ff8c2f8f000 	C:\Windows\System32\USER32.dll
0x00007ff8c1660000 - 0x00007ff8c1682000 	C:\Windows\System32\win32u.dll
0x00007ff8c2f90000 - 0x00007ff8c2fbb000 	C:\Windows\System32\GDI32.dll
0x00007ff8c13f0000 - 0x00007ff8c1507000 	C:\Windows\System32\gdi32full.dll
0x00007ff8c1510000 - 0x00007ff8c15ad000 	C:\Windows\System32\msvcp_win.dll
0x00007ff8bc770000 - 0x00007ff8bc78b000 	c:\Users\qtri1\.vscode\extensions\redhat.java-1.31.0-win32-x64\jre\17.0.11-win32-x86_64\bin\VCRUNTIME140.dll
0x00007ff8ae080000 - 0x00007ff8ae31a000 	C:\Windows\WinSxS\amd64_microsoft.windows.common-controls_6595b64144ccf1df_6.0.19041.4355_none_60b8b9eb71f62e16\COMCTL32.dll
0x00007ff8c1ed0000 - 0x00007ff8c1f6e000 	C:\Windows\System32\msvcrt.dll
0x00007ff8c1780000 - 0x00007ff8c17af000 	C:\Windows\System32\IMM32.DLL
0x00007ff8bc760000 - 0x00007ff8bc76c000 	c:\Users\qtri1\.vscode\extensions\redhat.java-1.31.0-win32-x64\jre\17.0.11-win32-x86_64\bin\vcruntime140_1.dll
0x00007ff8999b0000 - 0x00007ff899a3d000 	c:\Users\qtri1\.vscode\extensions\redhat.java-1.31.0-win32-x64\jre\17.0.11-win32-x86_64\bin\msvcp140.dll
0x00007ff84c360000 - 0x00007ff84cfc2000 	c:\Users\qtri1\.vscode\extensions\redhat.java-1.31.0-win32-x64\jre\17.0.11-win32-x86_64\bin\server\jvm.dll
0x00007ff8c27b0000 - 0x00007ff8c2860000 	C:\Windows\System32\ADVAPI32.dll
0x00007ff8c3540000 - 0x00007ff8c35e0000 	C:\Windows\System32\sechost.dll
0x00007ff8c1810000 - 0x00007ff8c1933000 	C:\Windows\System32\RPCRT4.dll
0x00007ff8c0f50000 - 0x00007ff8c0f77000 	C:\Windows\System32\bcrypt.dll
0x00007ff8c0320000 - 0x00007ff8c036b000 	C:\Windows\SYSTEM32\POWRPROF.dll
0x00007ff8bc750000 - 0x00007ff8bc759000 	C:\Windows\SYSTEM32\WSOCK32.dll
0x00007ff8c3100000 - 0x00007ff8c316b000 	C:\Windows\System32\WS2_32.dll
0x00007ff8ad8c0000 - 0x00007ff8ad8e7000 	C:\Windows\SYSTEM32\WINMM.dll
0x00007ff8b9260000 - 0x00007ff8b926a000 	C:\Windows\SYSTEM32\VERSION.dll
0x00007ff8c01e0000 - 0x00007ff8c01f2000 	C:\Windows\SYSTEM32\UMPDC.dll
0x00007ff8bec50000 - 0x00007ff8bec62000 	C:\Windows\SYSTEM32\kernel.appcore.dll
0x00007ff8bc740000 - 0x00007ff8bc74a000 	c:\Users\qtri1\.vscode\extensions\redhat.java-1.31.0-win32-x64\jre\17.0.11-win32-x86_64\bin\jimage.dll
0x00007ff8ac1e0000 - 0x00007ff8ac3c4000 	C:\Windows\SYSTEM32\DBGHELP.DLL
0x00007ff8a7020000 - 0x00007ff8a7054000 	C:\Windows\SYSTEM32\dbgcore.DLL
0x00007ff8c16e0000 - 0x00007ff8c1762000 	C:\Windows\System32\bcryptPrimitives.dll
0x00007ff8bc730000 - 0x00007ff8bc73e000 	c:\Users\qtri1\.vscode\extensions\redhat.java-1.31.0-win32-x64\jre\17.0.11-win32-x86_64\bin\instrument.dll
0x00007ff899980000 - 0x00007ff8999a5000 	c:\Users\qtri1\.vscode\extensions\redhat.java-1.31.0-win32-x64\jre\17.0.11-win32-x86_64\bin\java.dll
0x00007ff8bb8a0000 - 0x00007ff8bb8b8000 	c:\Users\qtri1\.vscode\extensions\redhat.java-1.31.0-win32-x64\jre\17.0.11-win32-x86_64\bin\zip.dll
0x00007ff8c1f80000 - 0x00007ff8c26ea000 	C:\Windows\System32\SHELL32.dll
0x00007ff8bee50000 - 0x00007ff8bf5ed000 	C:\Windows\SYSTEM32\windows.storage.dll
0x00007ff8c1b70000 - 0x00007ff8c1ec3000 	C:\Windows\System32\combase.dll
0x00007ff8c0810000 - 0x00007ff8c083e000 	C:\Windows\SYSTEM32\Wldp.dll
0x00007ff8c3260000 - 0x00007ff8c332d000 	C:\Windows\System32\OLEAUT32.dll
0x00007ff8c35e0000 - 0x00007ff8c368d000 	C:\Windows\System32\SHCORE.dll
0x00007ff8c2920000 - 0x00007ff8c2975000 	C:\Windows\System32\shlwapi.dll
0x00007ff8c0d20000 - 0x00007ff8c0d44000 	C:\Windows\SYSTEM32\profapi.dll
0x00007ff89bfc0000 - 0x00007ff89bfd9000 	C:\Users\qtri1\.vscode\extensions\redhat.java-1.31.0-win32-x64\jre\17.0.11-win32-x86_64\bin\net.dll
0x00007ff8b8bf0000 - 0x00007ff8b8cfa000 	C:\Windows\SYSTEM32\WINHTTP.dll
0x00007ff8c0570000 - 0x00007ff8c05da000 	C:\Windows\system32\mswsock.dll
0x00007ff899960000 - 0x00007ff899976000 	C:\Users\qtri1\.vscode\extensions\redhat.java-1.31.0-win32-x64\jre\17.0.11-win32-x86_64\bin\nio.dll
0x00007ff8bc720000 - 0x00007ff8bc730000 	c:\Users\qtri1\.vscode\extensions\redhat.java-1.31.0-win32-x64\jre\17.0.11-win32-x86_64\bin\verify.dll
0x00007ff885d70000 - 0x00007ff885db4000 	C:\Users\qtri1\AppData\Roaming\Code\User\globalStorage\redhat.java\1.31.0\config_win\org.eclipse.equinox.launcher\org.eclipse.equinox.launcher.win32.win32.x86_64_1.2.1000.v20240507-1834\eclipse_11902.dll
0x00007ff8c3330000 - 0x00007ff8c345b000 	C:\Windows\System32\ole32.dll
0x00007ff8c0770000 - 0x00007ff8c0788000 	C:\Windows\SYSTEM32\CRYPTSP.dll
0x00007ff8bfe20000 - 0x00007ff8bfe54000 	C:\Windows\system32\rsaenh.dll
0x00007ff8c0cd0000 - 0x00007ff8c0cfe000 	C:\Windows\SYSTEM32\USERENV.dll
0x00007ff8c0760000 - 0x00007ff8c076c000 	C:\Windows\SYSTEM32\CRYPTBASE.dll
0x00007ff8c0200000 - 0x00007ff8c023b000 	C:\Windows\SYSTEM32\IPHLPAPI.DLL
0x00007ff8c2860000 - 0x00007ff8c2868000 	C:\Windows\System32\NSI.dll
0x00007ff8b9380000 - 0x00007ff8b9397000 	C:\Windows\SYSTEM32\dhcpcsvc6.DLL
0x00007ff8b97e0000 - 0x00007ff8b97fd000 	C:\Windows\SYSTEM32\dhcpcsvc.DLL
0x00007ff8c0240000 - 0x00007ff8c030a000 	C:\Windows\SYSTEM32\DNSAPI.dll
0x00007ff894d40000 - 0x00007ff894d85000 	C:\Users\qtri1\AppData\Local\Temp\jna-107926487\jna2560243913121385663.dll
0x00007ff8c1770000 - 0x00007ff8c1778000 	C:\Windows\System32\PSAPI.DLL

dbghelp: loaded successfully - version: 4.0.5 - missing functions: none
symbol engine: initialized successfully - sym options: 0x614 - pdb path: .;c:\Users\qtri1\.vscode\extensions\redhat.java-1.31.0-win32-x64\jre\17.0.11-win32-x86_64\bin;C:\Windows\SYSTEM32;C:\Windows\WinSxS\amd64_microsoft.windows.common-controls_6595b64144ccf1df_6.0.19041.4355_none_60b8b9eb71f62e16;c:\Users\qtri1\.vscode\extensions\redhat.java-1.31.0-win32-x64\jre\17.0.11-win32-x86_64\bin\server;C:\Users\qtri1\AppData\Roaming\Code\User\globalStorage\redhat.java\1.31.0\config_win\org.eclipse.equinox.launcher\org.eclipse.equinox.launcher.win32.win32.x86_64_1.2.1000.v20240507-1834;C:\Users\qtri1\AppData\Local\Temp\jna-107926487

VM Arguments:
jvm_args: --add-modules=ALL-SYSTEM --add-opens=java.base/java.util=ALL-UNNAMED --add-opens=java.base/java.lang=ALL-UNNAMED --add-opens=java.base/sun.nio.fs=ALL-UNNAMED -Declipse.application=org.eclipse.jdt.ls.core.id1 -Dosgi.bundles.defaultStartLevel=4 -Declipse.product=org.eclipse.jdt.ls.core.product -Djava.import.generatesMetadataFilesAtProjectRoot=false -DDetectVMInstallationsJob.disabled=true -Dfile.encoding=utf8 -XX:+UseParallelGC -XX:GCTimeRatio=4 -XX:AdaptiveSizePolicyWeight=90 -Dsun.zip.disableMemoryMapping=true -Xmx1G -Xms100m -Xlog:disable -javaagent:c:\Users\qtri1\.vscode\extensions\redhat.java-1.31.0-win32-x64\lombok\lombok-1.18.32.jar -XX:+HeapDumpOnOutOfMemoryError -XX:HeapDumpPath=c:\Users\qtri1\AppData\Roaming\Code\User\workspaceStorage\0ca46199a10a4d282ee914929ee5a100\redhat.java -Daether.dependencyCollector.impl=bf 
java_command: c:\Users\qtri1\.vscode\extensions\redhat.java-1.31.0-win32-x64\server\plugins\org.eclipse.equinox.launcher_1.6.800.v20240513-1750.jar -configuration c:\Users\qtri1\AppData\Roaming\Code\User\globalStorage\redhat.java\1.31.0\config_win -data c:\Users\qtri1\AppData\Roaming\Code\User\workspaceStorage\0ca46199a10a4d282ee914929ee5a100\redhat.java\jdt_ws --pipe=\\.\pipe\lsp-ab21bf6a25727631780322a81f44a3a1-sock
java_class_path (initial): c:\Users\qtri1\.vscode\extensions\redhat.java-1.31.0-win32-x64\server\plugins\org.eclipse.equinox.launcher_1.6.800.v20240513-1750.jar
Launcher Type: SUN_STANDARD

[Global flags]
    uintx AdaptiveSizePolicyWeight                 = 90                                        {product} {command line}
     intx CICompilerCount                          = 3                                         {product} {ergonomic}
    uintx GCTimeRatio                              = 4                                         {product} {command line}
     bool HeapDumpOnOutOfMemoryError               = true                                   {manageable} {command line}
    ccstr HeapDumpPath                             = c:\Users\qtri1\AppData\Roaming\Code\User\workspaceStorage\0ca46199a10a4d282ee914929ee5a100\redhat.java         {manageable} {command line}
   size_t InitialHeapSize                          = 104857600                                 {product} {command line}
   size_t MaxHeapSize                              = 1073741824                                {product} {command line}
   size_t MaxNewSize                               = 357564416                                 {product} {ergonomic}
   size_t MinHeapDeltaBytes                        = 524288                                    {product} {ergonomic}
   size_t MinHeapSize                              = 104857600                                 {product} {command line}
   size_t NewSize                                  = 34603008                                  {product} {ergonomic}
    uintx NonNMethodCodeHeapSize                   = 5832780                                {pd product} {ergonomic}
    uintx NonProfiledCodeHeapSize                  = 122912730                              {pd product} {ergonomic}
   size_t OldSize                                  = 70254592                                  {product} {ergonomic}
    uintx ProfiledCodeHeapSize                     = 122912730                              {pd product} {ergonomic}
    uintx ReservedCodeCacheSize                    = 251658240                              {pd product} {ergonomic}
     bool SegmentedCodeCache                       = true                                      {product} {ergonomic}
   size_t SoftMaxHeapSize                          = 1073741824                             {manageable} {ergonomic}
     bool UseCompressedClassPointers               = true                           {product lp64_product} {ergonomic}
     bool UseCompressedOops                        = true                           {product lp64_product} {ergonomic}
     bool UseLargePagesIndividualAllocation        = false                                  {pd product} {ergonomic}
     bool UseParallelGC                            = true                                      {product} {command line}

Logging:
Log output configuration:
 #0: stdout all=off uptime,level,tags
 #1: stderr all=off uptime,level,tags

Environment Variables:
JAVA_HOME=C:\Program Files\Java\jdk-17\bin
PATH=C:\Python312\Scripts\;C:\Python312\;C:\Program Files\Java\jdk-17\bin;C:\Program Files\Common Files\Oracle\Java\javapath;C:\Windows\system32;C:\Windows;C:\Windows\System32\Wbem;C:\Windows\System32\WindowsPowerShell\v1.0\;C:\Windows\System32\OpenSSH\;C:\Program Files (x86)\NVIDIA Corporation\PhysX\Common;C:\Program Files\NVIDIA Corporation\NVIDIA NvDLISR;C:\Program Files\Microsoft SQL Server\Client SDK\ODBC\170\Tools\Binn\;C:\Program Files\dotnet\;C:\Program Files (x86)\Devart\EntityDeveloper\Console;C:\MinGW\bin;C:\Program Files (x86)\Microsoft SQL Server\150\Tools\Binn\;C:\Program Files\Microsoft SQL Server\150\Tools\Binn\;C:\Program Files\Microsoft SQL Server\150\DTS\Binn\;C:\Program Files (x86)\Microsoft SQL Server\150\DTS\Binn\;C:\Program Files\Azure Data Studio\bin;C:\Program Files (x86)\Microsoft SQL Server\160\Tools\Binn\;C:\Program Files\Microsoft SQL Server\160\Tools\Binn\;C:\Program Files\Microsoft SQL Server\160\DTS\Binn\;C:\Program Files (x86)\Microsoft SQL Server\160\DTS\Binn\;C:\Program Files\Git\cmd;C:\Program Files\MySQL\MySQL Server 8.0\bin;D:\Support\Goc\apache-maven-3.9.2\bin;C:\Program Files\Apache Software Foundation\Tomcat 10.1\bin;C:\Program Files\nodejs\;C:\ProgramData\chocolatey\bin;C:\Program Files\MongoDB\Server\7.0\bin;C:\Program Files\MySQL\MySQL Shell 8.0\bin\;C:\Users\qtri1\Anaconda3;C:\Users\qtri1\Anaconda3\Library\mingw-w64\bin;C:\Users\qtri1\Anaconda3\Library\usr\bin;C:\Users\qtri1\Anaconda3\Library\bin;C:\Users\qtri1\Anaconda3\Scripts;C:\Users\qtri1\AppData\Local\Microsoft\WindowsApps;C:\Users\qtri1\.dotnet\tools;C:\Users\qtri1\AppData\Local\Programs\Microsoft VS Code\bin;C:\Program Files\Azure Data Studio\bin;C:\Program Files (x86)\Devart\EntityDeveloper\Console;C:\Program Files\JetBrains\IntelliJ IDEA 2023.3.2\bin;;C:\Program Files\JetBrains\PyCharm Community Edition 2022.2.4\bin;;C:\Users\qtri1\AppData\Local\Programs\Python\Python39\Scripts;C:\Program Files\Azure Data Studio\bin;C:\Users\qtri1\AppData\Local\GitHubDesktop\bin;C:
USERNAME=qtri1
OS=Windows_NT
PROCESSOR_IDENTIFIER=Intel64 Family 6 Model 94 Stepping 3, GenuineIntel
TMP=C:\Users\qtri1\AppData\Local\Temp
TEMP=C:\Users\qtri1\AppData\Local\Temp



Periodic native trim disabled


---------------  S Y S T E M  ---------------

OS:
 Windows 10 , 64 bit Build 19041 (10.0.19041.3636)
OS uptime: 0 days 0:36 hours

CPU: total 4 (initial active 4) (4 cores per cpu, 1 threads per core) family 6 model 94 stepping 3 microcode 0xcc, cx8, cmov, fxsr, mmx, 3dnowpref, sse, sse2, sse3, ssse3, sse4.1, sse4.2, popcnt, lzcnt, tsc, tscinvbit, avx, avx2, aes, erms, clmul, bmi1, bmi2, rtm, adx, fma, vzeroupper, clflush, clflushopt
Processor Information for all 4 processors :
  Max Mhz: 2301, Current Mhz: 2301, Mhz Limit: 2301

Memory: 4k page, system-wide physical 8028M (475M free)
TotalPageFile size 12124M (AvailPageFile size 15M)
current process WorkingSet (physical memory assigned to process): 208M, peak: 208M
current process commit charge ("private bytes"): 291M, peak: 293M

vm_info: OpenJDK 64-Bit Server VM (17.0.11+9) for windows-amd64 JRE (17.0.11+9), built on Apr 17 2024 06:07:48 by "admin" with MS VC++ 16.10 / 16.11 (VS2019)

END.
