#
# There is insufficient memory for the Java Runtime Environment to continue.
# Native memory allocation (malloc) failed to allocate 484656 bytes. Error detail: Chunk::new
# Possible reasons:
#   The system is out of physical RAM or swap space
#   This process is running with CompressedOops enabled, and the Java Heap may be blocking the growth of the native heap
# Possible solutions:
#   Reduce memory load on the system
#   Increase physical memory or swap space
#   Check if swap backing store is full
#   Decrease Java heap size (-Xmx/-Xms)
#   Decrease number of Java threads
#   Decrease Java thread stack sizes (-Xss)
#   Set larger code cache with -XX:ReservedCodeCacheSize=
#   JVM is running with Unscaled Compressed Oops mode in which the Java heap is
#     placed in the first 4GB address space. The Java Heap base address is the
#     maximum limit for the native heap growth. Please use -XX:HeapBaseMinAddress
#     to set the Java Heap base and to place the Java Heap above 4GB virtual address.
# This output file may be truncated or incomplete.
#
#  Out of Memory Error (arena.cpp:191), pid=3372, tid=2024
#
# JRE version: OpenJDK Runtime Environment Temurin-17.0.11+9 (17.0.11+9) (build 17.0.11+9)
# Java VM: OpenJDK 64-Bit Server VM Temurin-17.0.11+9 (17.0.11+9, mixed mode, tiered, compressed oops, compressed class ptrs, parallel gc, windows-amd64)
# No core dump will be written. Minidumps are not enabled by default on client versions of Windows
#

---------------  S U M M A R Y ------------

Command Line: --add-modules=ALL-SYSTEM --add-opens=java.base/java.util=ALL-UNNAMED --add-opens=java.base/java.lang=ALL-UNNAMED --add-opens=java.base/sun.nio.fs=ALL-UNNAMED -Declipse.application=org.eclipse.jdt.ls.core.id1 -Dosgi.bundles.defaultStartLevel=4 -Declipse.product=org.eclipse.jdt.ls.core.product -Djava.import.generatesMetadataFilesAtProjectRoot=false -DDetectVMInstallationsJob.disabled=true -Dfile.encoding=utf8 -XX:+UseParallelGC -XX:GCTimeRatio=4 -XX:AdaptiveSizePolicyWeight=90 -Dsun.zip.disableMemoryMapping=true -Xmx1G -Xms100m -Xlog:disable -javaagent:c:\Users\qtri1\.vscode\extensions\redhat.java-1.31.0-win32-x64\lombok\lombok-1.18.32.jar c:\Users\qtri1\.vscode\extensions\redhat.java-1.31.0-win32-x64\server\plugins\org.eclipse.equinox.launcher_1.6.800.v20240513-1750.jar -configuration c:\Users\qtri1\AppData\Roaming\Code\User\globalStorage\redhat.java\1.31.0\config_ss_win -data c:\Users\qtri1\AppData\Roaming\Code\User\workspaceStorage\0ca46199a10a4d282ee914929ee5a100\redhat.java\ss_ws --pipe=\\.\pipe\lsp-592fb775ee8209ec80074e3f1013fd89-sock

Host: Intel(R) Core(TM) i5-6300HQ CPU @ 2.30GHz, 4 cores, 7G,  Windows 10 , 64 bit Build 19041 (10.0.19041.3636)
Time: Wed Jun 12 13:52:16 2024 SE Asia Standard Time elapsed time: 46.801784 seconds (0d 0h 0m 46s)

---------------  T H R E A D  ---------------

Current thread (0x0000027266ae4640):  JavaThread "C2 CompilerThread0" daemon [_thread_in_native, id=2024, stack(0x000000c019100000,0x000000c019200000)]


Current CompileTask:
C2:  46801 3804       4       java.util.logging.Logger::log (153 bytes)

Stack: [0x000000c019100000,0x000000c019200000]
Native frames: (J=compiled Java code, j=interpreted, Vv=VM code, C=native code)
V  [jvm.dll+0x67d429]
V  [jvm.dll+0x834b7a]
V  [jvm.dll+0x83663e]
V  [jvm.dll+0x836ca3]
V  [jvm.dll+0x247dbf]
V  [jvm.dll+0xac534]
V  [jvm.dll+0xacb7c]
V  [jvm.dll+0x2af2cf]
V  [jvm.dll+0x5848b7]
V  [jvm.dll+0x222d82]
V  [jvm.dll+0x21bf3f]
V  [jvm.dll+0x2197a1]
V  [jvm.dll+0x1a534d]
V  [jvm.dll+0x2295cd]
V  [jvm.dll+0x22779c]
V  [jvm.dll+0x7e9d07]
V  [jvm.dll+0x7e410a]
V  [jvm.dll+0x67c315]
C  [ucrtbase.dll+0x21bb2]
C  [KERNEL32.DLL+0x17344]
C  [ntdll.dll+0x526b1]


---------------  P R O C E S S  ---------------

Threads class SMR info:
_java_thread_list=0x000002726e0415d0, length=23, elements={
0x0000027252c75450, 0x0000027252d2a9e0, 0x0000027252d2c280, 0x0000027266ade270,
0x0000027266adf0f0, 0x0000027266adff70, 0x0000027266ae3950, 0x0000027266ae4640,
0x000002726bce5930, 0x000002726bd085c0, 0x0000027252cd9a30, 0x000002726bed07a0,
0x000002726cb59a90, 0x000002726cb5a4b0, 0x000002726cb5a9c0, 0x000002726cb5b8f0,
0x000002726cb58140, 0x000002726cb58650, 0x000002726cb59070, 0x000002726c17cbc0,
0x000002726c17b270, 0x000002726c17ad60, 0x000002726c17d0d0
}

Java Threads: ( => current thread )
  0x0000027252c75450 JavaThread "main" [_thread_blocked, id=2460, stack(0x000000c018800000,0x000000c018900000)]
  0x0000027252d2a9e0 JavaThread "Reference Handler" daemon [_thread_blocked, id=4880, stack(0x000000c018b00000,0x000000c018c00000)]
  0x0000027252d2c280 JavaThread "Finalizer" daemon [_thread_blocked, id=2536, stack(0x000000c018c00000,0x000000c018d00000)]
  0x0000027266ade270 JavaThread "Signal Dispatcher" daemon [_thread_blocked, id=1844, stack(0x000000c018d00000,0x000000c018e00000)]
  0x0000027266adf0f0 JavaThread "Attach Listener" daemon [_thread_blocked, id=10380, stack(0x000000c018e00000,0x000000c018f00000)]
  0x0000027266adff70 JavaThread "Service Thread" daemon [_thread_blocked, id=18556, stack(0x000000c018f00000,0x000000c019000000)]
  0x0000027266ae3950 JavaThread "Monitor Deflation Thread" daemon [_thread_blocked, id=2788, stack(0x000000c019000000,0x000000c019100000)]
=>0x0000027266ae4640 JavaThread "C2 CompilerThread0" daemon [_thread_in_native, id=2024, stack(0x000000c019100000,0x000000c019200000)]
  0x000002726bce5930 JavaThread "C1 CompilerThread0" daemon [_thread_blocked, id=13196, stack(0x000000c019200000,0x000000c019300000)]
  0x000002726bd085c0 JavaThread "Sweeper thread" daemon [_thread_blocked, id=14216, stack(0x000000c019300000,0x000000c019400000)]
  0x0000027252cd9a30 JavaThread "Common-Cleaner" daemon [_thread_blocked, id=1444, stack(0x000000c019400000,0x000000c019500000)]
  0x000002726bed07a0 JavaThread "Notification Thread" daemon [_thread_blocked, id=17300, stack(0x000000c019600000,0x000000c019700000)]
  0x000002726cb59a90 JavaThread "JNA Cleaner" daemon [_thread_blocked, id=15264, stack(0x000000c01a200000,0x000000c01a300000)]
  0x000002726cb5a4b0 JavaThread "Thread-2" daemon [_thread_in_native, id=10040, stack(0x000000c01a600000,0x000000c01a700000)]
  0x000002726cb5a9c0 JavaThread "Thread-3" daemon [_thread_in_native, id=11824, stack(0x000000c01a700000,0x000000c01a800000)]
  0x000002726cb5b8f0 JavaThread "Thread-4" daemon [_thread_in_native, id=18952, stack(0x000000c01a800000,0x000000c01a900000)]
  0x000002726cb58140 JavaThread "Thread-5" daemon [_thread_in_native, id=7080, stack(0x000000c01a900000,0x000000c01aa00000)]
  0x000002726cb58650 JavaThread "Thread-6" daemon [_thread_in_native, id=18048, stack(0x000000c01aa00000,0x000000c01ab00000)]
  0x000002726cb59070 JavaThread "pool-2-thread-1" [_thread_blocked, id=8256, stack(0x000000c01ab00000,0x000000c01ac00000)]
  0x000002726c17cbc0 JavaThread "WorkspaceEventsHandler" [_thread_blocked, id=13844, stack(0x000000c01ac00000,0x000000c01ad00000)]
  0x000002726c17b270 JavaThread "pool-1-thread-1" [_thread_in_vm, id=11936, stack(0x000000c01ad00000,0x000000c01ae00000)]
  0x000002726c17ad60 JavaThread "pool-3-thread-1" [_thread_blocked, id=7488, stack(0x000000c019a00000,0x000000c019b00000)]
  0x000002726c17d0d0 JavaThread "Logging-Cleaner" daemon [_thread_new, id=17216, stack(0x0000000000000000,0x0000000000000000)]

Other Threads:
  0x0000027266aa6840 VMThread "VM Thread" [stack: 0x000000c018a00000,0x000000c018b00000] [id=7992]
  0x000002726bf02fd0 WatcherThread [stack: 0x000000c019700000,0x000000c019800000] [id=12552]
  0x0000027252c8b150 GCTaskThread "GC Thread#0" [stack: 0x000000c018900000,0x000000c018a00000] [id=19028]
  0x000002726c076300 GCTaskThread "GC Thread#1" [stack: 0x000000c019500000,0x000000c019600000] [id=2472]
  0x000002726c3fb440 GCTaskThread "GC Thread#2" [stack: 0x000000c019800000,0x000000c019900000] [id=14580]
  0x000002726c51d450 GCTaskThread "GC Thread#3" [stack: 0x000000c019900000,0x000000c019a00000] [id=13472]

Threads with active compile tasks:
C2 CompilerThread0    46837 3804       4       java.util.logging.Logger::log (153 bytes)

VM state: not at safepoint (normal execution)

VM Mutex/Monitor currently owned by a thread: None

Heap address: 0x00000000c0000000, size: 1024 MB, Compressed Oops mode: 32-bit

CDS archive(s) not mapped
Compressed class space mapped at: 0x0000000100000000-0x0000000140000000, reserved size: 1073741824
Narrow klass base: 0x0000000000000000, Narrow klass shift: 3, Narrow klass range: 0x140000000

GC Precious Log:
 CPUs: 4 total, 4 available
 Memory: 8028M
 Large Page Support: Disabled
 NUMA Support: Disabled
 Compressed Oops: Enabled (32-bit)
 Alignments: Space 512K, Generation 512K, Heap 2M
 Heap Min Capacity: 100M
 Heap Initial Capacity: 100M
 Heap Max Capacity: 1G
 Pre-touch: Disabled
 Parallel Workers: 4

Heap:
 PSYoungGen      total 22528K, used 22301K [0x00000000eab00000, 0x00000000ecb80000, 0x0000000100000000)
  eden space 22016K, 99% used [0x00000000eab00000,0x00000000ec057700,0x00000000ec080000)
  from space 512K, 87% used [0x00000000ecb00000,0x00000000ecb70000,0x00000000ecb80000)
  to   space 1024K, 0% used [0x00000000ec980000,0x00000000ec980000,0x00000000eca80000)
 ParOldGen       total 699392K, used 697321K [0x00000000c0000000, 0x00000000eab00000, 0x00000000eab00000)
  object space 699392K, 99% used [0x00000000c0000000,0x00000000ea8fa710,0x00000000eab00000)
 Metaspace       used 35800K, committed 36608K, reserved 1114112K
  class space    used 3590K, committed 3968K, reserved 1048576K

Card table byte_map: [0x0000027252610000,0x0000027252820000] _byte_map_base: 0x0000027252010000

Marking Bits: (ParMarkBitMap*) 0x00007ff84cefd820
 Begin Bits: [0x0000027264910000, 0x0000027265910000)
 End Bits:   [0x0000027265910000, 0x0000027266910000)

Polling page: 0x0000027250c50000

Metaspace:

Usage:
  Non-class:     31.46 MB used.
      Class:      3.51 MB used.
       Both:     34.96 MB used.

Virtual space:
  Non-class space:       64.00 MB reserved,      31.88 MB ( 50%) committed,  1 nodes.
      Class space:        1.00 GB reserved,       3.88 MB ( <1%) committed,  1 nodes.
             Both:        1.06 GB reserved,      35.75 MB (  3%) committed. 

Chunk freelists:
   Non-Class:  15.85 MB
       Class:  12.17 MB
        Both:  28.02 MB

MaxMetaspaceSize: unlimited
CompressedClassSpaceSize: 1.00 GB
Initial GC threshold: 21.00 MB
Current GC threshold: 58.38 MB
CDS: off
MetaspaceReclaimPolicy: balanced
 - commit_granule_bytes: 65536.
 - commit_granule_words: 8192.
 - virtual_space_node_default_size: 8388608.
 - enlarge_chunks_in_place: 1.
 - new_chunks_are_fully_committed: 0.
 - uncommit_free_chunks: 1.
 - use_allocation_guard: 0.
 - handle_deallocations: 1.


Internal statistics:

num_allocs_failed_limit: 7.
num_arena_births: 346.
num_arena_deaths: 14.
num_vsnodes_births: 2.
num_vsnodes_deaths: 0.
num_space_committed: 572.
num_space_uncommitted: 0.
num_chunks_returned_to_freelist: 21.
num_chunks_taken_from_freelist: 1414.
num_chunk_merges: 12.
num_chunk_splits: 907.
num_chunks_enlarged: 598.
num_inconsistent_stats: 0.

CodeHeap 'non-profiled nmethods': size=120000Kb used=2404Kb max_used=2404Kb free=117595Kb
 bounds [0x000002725d3e0000, 0x000002725d650000, 0x0000027264910000]
CodeHeap 'profiled nmethods': size=120000Kb used=7525Kb max_used=7525Kb free=112474Kb
 bounds [0x0000027255910000, 0x0000027256070000, 0x000002725ce40000]
CodeHeap 'non-nmethods': size=5760Kb used=1284Kb max_used=1356Kb free=4475Kb
 bounds [0x000002725ce40000, 0x000002725d0b0000, 0x000002725d3e0000]
 total_blobs=4469 nmethods=3861 adapters=522
 compilation: enabled
              stopped_count=0, restarted_count=0
 full_count=0

Compilation events (20 events):
Event: 46.712 Thread 0x000002726bce5930 3822       3       java.util.Collections$SetFromMap::add (22 bytes)
Event: 46.712 Thread 0x000002726bce5930 nmethod 3822 0x0000027256052f10 code [0x00000272560530c0, 0x00000272560532e8]
Event: 46.741 Thread 0x000002726bce5930 3824   !   2       org.eclipse.lsp4j.jsonrpc.json.StreamMessageProducer::handleMessage (155 bytes)
Event: 46.741 Thread 0x000002726bce5930 nmethod 3824 0x0000027256053390 code [0x00000272560535c0, 0x0000027256053c18]
Event: 46.741 Thread 0x000002726bce5930 3825       2       org.eclipse.lsp4j.jsonrpc.json.StreamMessageProducer::fireError (29 bytes)
Event: 46.742 Thread 0x000002726bce5930 nmethod 3825 0x0000027256054210 code [0x00000272560543c0, 0x0000027256054568]
Event: 46.751 Thread 0x000002726bce5930 3826       3       java.io.File::<init> (111 bytes)
Event: 46.752 Thread 0x000002726bce5930 nmethod 3826 0x0000027256054690 code [0x0000027256054940, 0x00000272560552d8]
Event: 46.754 Thread 0x000002726bce5930 3827       3       org.eclipse.osgi.storage.bundlefile.CloseableBundleFile::getEntryPaths (104 bytes)
Event: 46.755 Thread 0x000002726bce5930 nmethod 3827 0x0000027256055690 code [0x0000027256055a20, 0x0000027256056fc8]
Event: 46.755 Thread 0x000002726bce5930 3828       3       java.util.LinkedHashMap$LinkedKeyIterator::next (8 bytes)
Event: 46.755 Thread 0x000002726bce5930 nmethod 3828 0x0000027256057790 code [0x0000027256057940, 0x0000027256057aa8]
Event: 46.756 Thread 0x000002726bce5930 3829       1       sun.nio.fs.NativeBuffer::owner (5 bytes)
Event: 46.756 Thread 0x000002726bce5930 nmethod 3829 0x000002725d637410 code [0x000002725d6375a0, 0x000002725d637678]
Event: 46.756 Thread 0x000002726bce5930 3830       3       jdk.internal.misc.Unsafe::checkOffset (32 bytes)
Event: 46.756 Thread 0x000002726bce5930 nmethod 3830 0x0000027256057b90 code [0x0000027256057d40, 0x0000027256057fa8]
Event: 46.756 Thread 0x000002726bce5930 3831       3       jdk.internal.misc.Unsafe::copyMemory (33 bytes)
Event: 46.757 Thread 0x000002726bce5930 nmethod 3831 0x0000027256058090 code [0x0000027256058340, 0x0000027256059058]
Event: 46.757 Thread 0x000002726bce5930 3832       3       jdk.internal.misc.Unsafe::copyMemoryChecks (21 bytes)
Event: 46.758 Thread 0x000002726bce5930 nmethod 3832 0x0000027256059610 code [0x00000272560598c0, 0x000002725605a5c8]

GC Heap History (20 events):
Event: 45.542 GC heap before
{Heap before GC invocations=258 (full 2):
 PSYoungGen      total 27136K, used 26624K [0x00000000eab00000, 0x00000000eca00000, 0x0000000100000000)
  eden space 26624K, 100% used [0x00000000eab00000,0x00000000ec500000,0x00000000ec500000)
  from space 512K, 0% used [0x00000000ec580000,0x00000000ec580000,0x00000000ec600000)
  to   space 512K, 0% used [0x00000000ec500000,0x00000000ec500000,0x00000000ec580000)
 ParOldGen       total 699392K, used 697297K [0x00000000c0000000, 0x00000000eab00000, 0x00000000eab00000)
  object space 699392K, 99% used [0x00000000c0000000,0x00000000ea8f4710,0x00000000eab00000)
 Metaspace       used 35148K, committed 35840K, reserved 1114112K
  class space    used 3505K, committed 3840K, reserved 1048576K
}
Event: 45.547 GC heap after
{Heap after GC invocations=258 (full 2):
 PSYoungGen      total 27136K, used 32K [0x00000000eab00000, 0x00000000ecb80000, 0x0000000100000000)
  eden space 26624K, 0% used [0x00000000eab00000,0x00000000eab00000,0x00000000ec500000)
  from space 512K, 6% used [0x00000000ec500000,0x00000000ec508000,0x00000000ec580000)
  to   space 512K, 0% used [0x00000000ecb00000,0x00000000ecb00000,0x00000000ecb80000)
 ParOldGen       total 699392K, used 697297K [0x00000000c0000000, 0x00000000eab00000, 0x00000000eab00000)
  object space 699392K, 99% used [0x00000000c0000000,0x00000000ea8f4710,0x00000000eab00000)
 Metaspace       used 35148K, committed 35840K, reserved 1114112K
  class space    used 3505K, committed 3840K, reserved 1048576K
}
Event: 45.633 GC heap before
{Heap before GC invocations=259 (full 2):
 PSYoungGen      total 27136K, used 26656K [0x00000000eab00000, 0x00000000ecb80000, 0x0000000100000000)
  eden space 26624K, 100% used [0x00000000eab00000,0x00000000ec500000,0x00000000ec500000)
  from space 512K, 6% used [0x00000000ec500000,0x00000000ec508000,0x00000000ec580000)
  to   space 512K, 0% used [0x00000000ecb00000,0x00000000ecb00000,0x00000000ecb80000)
 ParOldGen       total 699392K, used 697297K [0x00000000c0000000, 0x00000000eab00000, 0x00000000eab00000)
  object space 699392K, 99% used [0x00000000c0000000,0x00000000ea8f4710,0x00000000eab00000)
 Metaspace       used 35148K, committed 35840K, reserved 1114112K
  class space    used 3505K, committed 3840K, reserved 1048576K
}
Event: 45.635 GC heap after
{Heap after GC invocations=259 (full 2):
 PSYoungGen      total 26624K, used 32K [0x00000000eab00000, 0x00000000ecb80000, 0x0000000100000000)
  eden space 26112K, 0% used [0x00000000eab00000,0x00000000eab00000,0x00000000ec480000)
  from space 512K, 6% used [0x00000000ecb00000,0x00000000ecb08000,0x00000000ecb80000)
  to   space 512K, 0% used [0x00000000eca80000,0x00000000eca80000,0x00000000ecb00000)
 ParOldGen       total 699392K, used 697297K [0x00000000c0000000, 0x00000000eab00000, 0x00000000eab00000)
  object space 699392K, 99% used [0x00000000c0000000,0x00000000ea8f4710,0x00000000eab00000)
 Metaspace       used 35148K, committed 35840K, reserved 1114112K
  class space    used 3505K, committed 3840K, reserved 1048576K
}
Event: 45.710 GC heap before
{Heap before GC invocations=260 (full 2):
 PSYoungGen      total 26624K, used 26144K [0x00000000eab00000, 0x00000000ecb80000, 0x0000000100000000)
  eden space 26112K, 100% used [0x00000000eab00000,0x00000000ec480000,0x00000000ec480000)
  from space 512K, 6% used [0x00000000ecb00000,0x00000000ecb08000,0x00000000ecb80000)
  to   space 512K, 0% used [0x00000000eca80000,0x00000000eca80000,0x00000000ecb00000)
 ParOldGen       total 699392K, used 697297K [0x00000000c0000000, 0x00000000eab00000, 0x00000000eab00000)
  object space 699392K, 99% used [0x00000000c0000000,0x00000000ea8f4710,0x00000000eab00000)
 Metaspace       used 35148K, committed 35840K, reserved 1114112K
  class space    used 3505K, committed 3840K, reserved 1048576K
}
Event: 45.711 GC heap after
{Heap after GC invocations=260 (full 2):
 PSYoungGen      total 26112K, used 32K [0x00000000eab00000, 0x00000000ecb80000, 0x0000000100000000)
  eden space 25600K, 0% used [0x00000000eab00000,0x00000000eab00000,0x00000000ec400000)
  from space 512K, 6% used [0x00000000eca80000,0x00000000eca88000,0x00000000ecb00000)
  to   space 512K, 0% used [0x00000000ecb00000,0x00000000ecb00000,0x00000000ecb80000)
 ParOldGen       total 699392K, used 697297K [0x00000000c0000000, 0x00000000eab00000, 0x00000000eab00000)
  object space 699392K, 99% used [0x00000000c0000000,0x00000000ea8f4710,0x00000000eab00000)
 Metaspace       used 35148K, committed 35840K, reserved 1114112K
  class space    used 3505K, committed 3840K, reserved 1048576K
}
Event: 45.785 GC heap before
{Heap before GC invocations=261 (full 2):
 PSYoungGen      total 26112K, used 25632K [0x00000000eab00000, 0x00000000ecb80000, 0x0000000100000000)
  eden space 25600K, 100% used [0x00000000eab00000,0x00000000ec400000,0x00000000ec400000)
  from space 512K, 6% used [0x00000000eca80000,0x00000000eca88000,0x00000000ecb00000)
  to   space 512K, 0% used [0x00000000ecb00000,0x00000000ecb00000,0x00000000ecb80000)
 ParOldGen       total 699392K, used 697297K [0x00000000c0000000, 0x00000000eab00000, 0x00000000eab00000)
  object space 699392K, 99% used [0x00000000c0000000,0x00000000ea8f4710,0x00000000eab00000)
 Metaspace       used 35148K, committed 35840K, reserved 1114112K
  class space    used 3505K, committed 3840K, reserved 1048576K
}
Event: 45.787 GC heap after
{Heap after GC invocations=261 (full 2):
 PSYoungGen      total 25600K, used 32K [0x00000000eab00000, 0x00000000ecb80000, 0x0000000100000000)
  eden space 25088K, 0% used [0x00000000eab00000,0x00000000eab00000,0x00000000ec380000)
  from space 512K, 6% used [0x00000000ecb00000,0x00000000ecb08000,0x00000000ecb80000)
  to   space 512K, 0% used [0x00000000eca80000,0x00000000eca80000,0x00000000ecb00000)
 ParOldGen       total 699392K, used 697297K [0x00000000c0000000, 0x00000000eab00000, 0x00000000eab00000)
  object space 699392K, 99% used [0x00000000c0000000,0x00000000ea8f4710,0x00000000eab00000)
 Metaspace       used 35148K, committed 35840K, reserved 1114112K
  class space    used 3505K, committed 3840K, reserved 1048576K
}
Event: 45.860 GC heap before
{Heap before GC invocations=262 (full 2):
 PSYoungGen      total 25600K, used 25120K [0x00000000eab00000, 0x00000000ecb80000, 0x0000000100000000)
  eden space 25088K, 100% used [0x00000000eab00000,0x00000000ec380000,0x00000000ec380000)
  from space 512K, 6% used [0x00000000ecb00000,0x00000000ecb08000,0x00000000ecb80000)
  to   space 512K, 0% used [0x00000000eca80000,0x00000000eca80000,0x00000000ecb00000)
 ParOldGen       total 699392K, used 697297K [0x00000000c0000000, 0x00000000eab00000, 0x00000000eab00000)
  object space 699392K, 99% used [0x00000000c0000000,0x00000000ea8f4710,0x00000000eab00000)
 Metaspace       used 35148K, committed 35840K, reserved 1114112K
  class space    used 3505K, committed 3840K, reserved 1048576K
}
Event: 45.862 GC heap after
{Heap after GC invocations=262 (full 2):
 PSYoungGen      total 25088K, used 64K [0x00000000eab00000, 0x00000000ecb80000, 0x0000000100000000)
  eden space 24576K, 0% used [0x00000000eab00000,0x00000000eab00000,0x00000000ec300000)
  from space 512K, 12% used [0x00000000eca80000,0x00000000eca90000,0x00000000ecb00000)
  to   space 512K, 0% used [0x00000000ecb00000,0x00000000ecb00000,0x00000000ecb80000)
 ParOldGen       total 699392K, used 697297K [0x00000000c0000000, 0x00000000eab00000, 0x00000000eab00000)
  object space 699392K, 99% used [0x00000000c0000000,0x00000000ea8f4710,0x00000000eab00000)
 Metaspace       used 35148K, committed 35840K, reserved 1114112K
  class space    used 3505K, committed 3840K, reserved 1048576K
}
Event: 45.972 GC heap before
{Heap before GC invocations=263 (full 2):
 PSYoungGen      total 25088K, used 24640K [0x00000000eab00000, 0x00000000ecb80000, 0x0000000100000000)
  eden space 24576K, 100% used [0x00000000eab00000,0x00000000ec300000,0x00000000ec300000)
  from space 512K, 12% used [0x00000000eca80000,0x00000000eca90000,0x00000000ecb00000)
  to   space 512K, 0% used [0x00000000ecb00000,0x00000000ecb00000,0x00000000ecb80000)
 ParOldGen       total 699392K, used 697297K [0x00000000c0000000, 0x00000000eab00000, 0x00000000eab00000)
  object space 699392K, 99% used [0x00000000c0000000,0x00000000ea8f4710,0x00000000eab00000)
 Metaspace       used 35148K, committed 35840K, reserved 1114112K
  class space    used 3505K, committed 3840K, reserved 1048576K
}
Event: 45.974 GC heap after
{Heap after GC invocations=263 (full 2):
 PSYoungGen      total 24576K, used 64K [0x00000000eab00000, 0x00000000ecb80000, 0x0000000100000000)
  eden space 24064K, 0% used [0x00000000eab00000,0x00000000eab00000,0x00000000ec280000)
  from space 512K, 12% used [0x00000000ecb00000,0x00000000ecb10000,0x00000000ecb80000)
  to   space 512K, 0% used [0x00000000eca80000,0x00000000eca80000,0x00000000ecb00000)
 ParOldGen       total 699392K, used 697297K [0x00000000c0000000, 0x00000000eab00000, 0x00000000eab00000)
  object space 699392K, 99% used [0x00000000c0000000,0x00000000ea8f4710,0x00000000eab00000)
 Metaspace       used 35148K, committed 35840K, reserved 1114112K
  class space    used 3505K, committed 3840K, reserved 1048576K
}
Event: 46.159 GC heap before
{Heap before GC invocations=264 (full 2):
 PSYoungGen      total 24576K, used 24128K [0x00000000eab00000, 0x00000000ecb80000, 0x0000000100000000)
  eden space 24064K, 100% used [0x00000000eab00000,0x00000000ec280000,0x00000000ec280000)
  from space 512K, 12% used [0x00000000ecb00000,0x00000000ecb10000,0x00000000ecb80000)
  to   space 512K, 0% used [0x00000000eca80000,0x00000000eca80000,0x00000000ecb00000)
 ParOldGen       total 699392K, used 697297K [0x00000000c0000000, 0x00000000eab00000, 0x00000000eab00000)
  object space 699392K, 99% used [0x00000000c0000000,0x00000000ea8f4710,0x00000000eab00000)
 Metaspace       used 35148K, committed 35840K, reserved 1114112K
  class space    used 3505K, committed 3840K, reserved 1048576K
}
Event: 46.161 GC heap after
{Heap after GC invocations=264 (full 2):
 PSYoungGen      total 24064K, used 64K [0x00000000eab00000, 0x00000000ecb80000, 0x0000000100000000)
  eden space 23552K, 0% used [0x00000000eab00000,0x00000000eab00000,0x00000000ec200000)
  from space 512K, 12% used [0x00000000eca80000,0x00000000eca90000,0x00000000ecb00000)
  to   space 512K, 0% used [0x00000000ecb00000,0x00000000ecb00000,0x00000000ecb80000)
 ParOldGen       total 699392K, used 697297K [0x00000000c0000000, 0x00000000eab00000, 0x00000000eab00000)
  object space 699392K, 99% used [0x00000000c0000000,0x00000000ea8f4710,0x00000000eab00000)
 Metaspace       used 35148K, committed 35840K, reserved 1114112K
  class space    used 3505K, committed 3840K, reserved 1048576K
}
Event: 46.350 GC heap before
{Heap before GC invocations=265 (full 2):
 PSYoungGen      total 24064K, used 23616K [0x00000000eab00000, 0x00000000ecb80000, 0x0000000100000000)
  eden space 23552K, 100% used [0x00000000eab00000,0x00000000ec200000,0x00000000ec200000)
  from space 512K, 12% used [0x00000000eca80000,0x00000000eca90000,0x00000000ecb00000)
  to   space 512K, 0% used [0x00000000ecb00000,0x00000000ecb00000,0x00000000ecb80000)
 ParOldGen       total 699392K, used 697297K [0x00000000c0000000, 0x00000000eab00000, 0x00000000eab00000)
  object space 699392K, 99% used [0x00000000c0000000,0x00000000ea8f4710,0x00000000eab00000)
 Metaspace       used 35148K, committed 35840K, reserved 1114112K
  class space    used 3505K, committed 3840K, reserved 1048576K
}
Event: 46.352 GC heap after
{Heap after GC invocations=265 (full 2):
 PSYoungGen      total 23552K, used 64K [0x00000000eab00000, 0x00000000ecb80000, 0x0000000100000000)
  eden space 23040K, 0% used [0x00000000eab00000,0x00000000eab00000,0x00000000ec180000)
  from space 512K, 12% used [0x00000000ecb00000,0x00000000ecb10000,0x00000000ecb80000)
  to   space 512K, 0% used [0x00000000eca80000,0x00000000eca80000,0x00000000ecb00000)
 ParOldGen       total 699392K, used 697297K [0x00000000c0000000, 0x00000000eab00000, 0x00000000eab00000)
  object space 699392K, 99% used [0x00000000c0000000,0x00000000ea8f4710,0x00000000eab00000)
 Metaspace       used 35148K, committed 35840K, reserved 1114112K
  class space    used 3505K, committed 3840K, reserved 1048576K
}
Event: 46.625 GC heap before
{Heap before GC invocations=266 (full 2):
 PSYoungGen      total 23552K, used 23104K [0x00000000eab00000, 0x00000000ecb80000, 0x0000000100000000)
  eden space 23040K, 100% used [0x00000000eab00000,0x00000000ec180000,0x00000000ec180000)
  from space 512K, 12% used [0x00000000ecb00000,0x00000000ecb10000,0x00000000ecb80000)
  to   space 512K, 0% used [0x00000000eca80000,0x00000000eca80000,0x00000000ecb00000)
 ParOldGen       total 699392K, used 697297K [0x00000000c0000000, 0x00000000eab00000, 0x00000000eab00000)
  object space 699392K, 99% used [0x00000000c0000000,0x00000000ea8f4710,0x00000000eab00000)
 Metaspace       used 35190K, committed 35904K, reserved 1114112K
  class space    used 3514K, committed 3904K, reserved 1048576K
}
Event: 46.627 GC heap after
{Heap after GC invocations=266 (full 2):
 PSYoungGen      total 23040K, used 32K [0x00000000eab00000, 0x00000000ecb80000, 0x0000000100000000)
  eden space 22528K, 0% used [0x00000000eab00000,0x00000000eab00000,0x00000000ec100000)
  from space 512K, 6% used [0x00000000eca80000,0x00000000eca88000,0x00000000ecb00000)
  to   space 512K, 0% used [0x00000000ecb00000,0x00000000ecb00000,0x00000000ecb80000)
 ParOldGen       total 699392K, used 697297K [0x00000000c0000000, 0x00000000eab00000, 0x00000000eab00000)
  object space 699392K, 99% used [0x00000000c0000000,0x00000000ea8f4710,0x00000000eab00000)
 Metaspace       used 35190K, committed 35904K, reserved 1114112K
  class space    used 3514K, committed 3904K, reserved 1048576K
}
Event: 46.716 GC heap before
{Heap before GC invocations=267 (full 2):
 PSYoungGen      total 23040K, used 22560K [0x00000000eab00000, 0x00000000ecb80000, 0x0000000100000000)
  eden space 22528K, 100% used [0x00000000eab00000,0x00000000ec100000,0x00000000ec100000)
  from space 512K, 6% used [0x00000000eca80000,0x00000000eca88000,0x00000000ecb00000)
  to   space 512K, 0% used [0x00000000ecb00000,0x00000000ecb00000,0x00000000ecb80000)
 ParOldGen       total 699392K, used 697297K [0x00000000c0000000, 0x00000000eab00000, 0x00000000eab00000)
  object space 699392K, 99% used [0x00000000c0000000,0x00000000ea8f4710,0x00000000eab00000)
 Metaspace       used 35542K, committed 36224K, reserved 1114112K
  class space    used 3555K, committed 3904K, reserved 1048576K
}
Event: 46.718 GC heap after
{Heap after GC invocations=267 (full 2):
 PSYoungGen      total 22528K, used 448K [0x00000000eab00000, 0x00000000ecb80000, 0x0000000100000000)
  eden space 22016K, 0% used [0x00000000eab00000,0x00000000eab00000,0x00000000ec080000)
  from space 512K, 87% used [0x00000000ecb00000,0x00000000ecb70000,0x00000000ecb80000)
  to   space 1024K, 0% used [0x00000000ec980000,0x00000000ec980000,0x00000000eca80000)
 ParOldGen       total 699392K, used 697321K [0x00000000c0000000, 0x00000000eab00000, 0x00000000eab00000)
  object space 699392K, 99% used [0x00000000c0000000,0x00000000ea8fa710,0x00000000eab00000)
 Metaspace       used 35542K, committed 36224K, reserved 1114112K
  class space    used 3555K, committed 3904K, reserved 1048576K
}

Dll operation events (10 events):
Event: 0.008 Loaded shared library c:\Users\qtri1\.vscode\extensions\redhat.java-1.31.0-win32-x64\jre\17.0.11-win32-x86_64\bin\java.dll
Event: 0.205 Loaded shared library c:\Users\qtri1\.vscode\extensions\redhat.java-1.31.0-win32-x64\jre\17.0.11-win32-x86_64\bin\zip.dll
Event: 0.208 Loaded shared library C:\Users\qtri1\.vscode\extensions\redhat.java-1.31.0-win32-x64\jre\17.0.11-win32-x86_64\bin\instrument.dll
Event: 0.221 Loaded shared library C:\Users\qtri1\.vscode\extensions\redhat.java-1.31.0-win32-x64\jre\17.0.11-win32-x86_64\bin\net.dll
Event: 0.222 Loaded shared library C:\Users\qtri1\.vscode\extensions\redhat.java-1.31.0-win32-x64\jre\17.0.11-win32-x86_64\bin\nio.dll
Event: 0.229 Loaded shared library C:\Users\qtri1\.vscode\extensions\redhat.java-1.31.0-win32-x64\jre\17.0.11-win32-x86_64\bin\zip.dll
Event: 0.259 Loaded shared library C:\Users\qtri1\.vscode\extensions\redhat.java-1.31.0-win32-x64\jre\17.0.11-win32-x86_64\bin\jimage.dll
Event: 0.319 Loaded shared library c:\Users\qtri1\.vscode\extensions\redhat.java-1.31.0-win32-x64\jre\17.0.11-win32-x86_64\bin\verify.dll
Event: 1.944 Loaded shared library C:\Users\qtri1\AppData\Roaming\Code\User\globalStorage\redhat.java\1.31.0\config_ss_win\org.eclipse.equinox.launcher\org.eclipse.equinox.launcher.win32.win32.x86_64_1.2.1000.v20240507-1834\eclipse_11902.dll
Event: 6.203 Loaded shared library C:\Users\qtri1\AppData\Local\Temp\jna-107926487\jna5353775568342275631.dll

Deoptimization events (20 events):
Event: 46.674 Thread 0x000002726cb5aed0 Uncommon trap: trap_request=0xffffff45 fr.pc=0x000002725d547510 relative=0x0000000000000090
Event: 46.674 Thread 0x000002726cb5aed0 Uncommon trap: reason=unstable_if action=reinterpret pc=0x000002725d547510 method=java.util.ArrayList.fastRemove([Ljava/lang/Object;I)V @ 19 c2
Event: 46.674 Thread 0x000002726cb5aed0 DEOPT PACKING pc=0x000002725d547510 sp=0x000000c01a4fe3d0
Event: 46.674 Thread 0x000002726cb5aed0 DEOPT UNPACKING pc=0x000002725ce966a3 sp=0x000000c01a4fe358 mode 2
Event: 46.706 Thread 0x000002726cb5aed0 Uncommon trap: trap_request=0xffffff45 fr.pc=0x000002725d5bb8b0 relative=0x0000000000000890
Event: 46.706 Thread 0x000002726cb5aed0 Uncommon trap: reason=unstable_if action=reinterpret pc=0x000002725d5bb8b0 method=java.util.IdentityHashMap.put(Ljava/lang/Object;Ljava/lang/Object;)Ljava/lang/Object; @ 38 c2
Event: 46.706 Thread 0x000002726cb5aed0 DEOPT PACKING pc=0x000002725d5bb8b0 sp=0x000000c01a4fdcd0
Event: 46.706 Thread 0x000002726cb5aed0 DEOPT UNPACKING pc=0x000002725ce966a3 sp=0x000000c01a4fdc28 mode 2
Event: 46.723 Thread 0x000002726cb5aed0 Uncommon trap: trap_request=0xffffffde fr.pc=0x000002725d5ecc18 relative=0x00000000000001f8
Event: 46.723 Thread 0x000002726cb5aed0 Uncommon trap: reason=class_check action=maybe_recompile pc=0x000002725d5ecc18 method=java.lang.Throwable.<init>(Ljava/lang/String;)V @ 24 c2
Event: 46.723 Thread 0x000002726cb5aed0 DEOPT PACKING pc=0x000002725d5ecc18 sp=0x000000c01a4fec60
Event: 46.723 Thread 0x000002726cb5aed0 DEOPT UNPACKING pc=0x000002725ce966a3 sp=0x000000c01a4feb60 mode 2
Event: 46.768 Thread 0x000002726cb5aed0 Uncommon trap: trap_request=0xffffffde fr.pc=0x000002725d5f02a8 relative=0x0000000000000468
Event: 46.768 Thread 0x000002726cb5aed0 Uncommon trap: reason=class_check action=maybe_recompile pc=0x000002725d5f02a8 method=java.io.InputStream.read([BII)I @ 15 c2
Event: 46.768 Thread 0x000002726cb5aed0 DEOPT PACKING pc=0x000002725d5f02a8 sp=0x000000c01a4fede0
Event: 46.768 Thread 0x000002726cb5aed0 DEOPT UNPACKING pc=0x000002725ce966a3 sp=0x000000c01a4fed98 mode 2
Event: 46.768 Thread 0x000002726cb5aed0 Uncommon trap: trap_request=0xffffffde fr.pc=0x000002725d5f02a8 relative=0x0000000000000468
Event: 46.768 Thread 0x000002726cb5aed0 Uncommon trap: reason=class_check action=maybe_recompile pc=0x000002725d5f02a8 method=java.io.InputStream.read([BII)I @ 15 c2
Event: 46.768 Thread 0x000002726cb5aed0 DEOPT PACKING pc=0x000002725d5f02a8 sp=0x000000c01a4fede0
Event: 46.768 Thread 0x000002726cb5aed0 DEOPT UNPACKING pc=0x000002725ce966a3 sp=0x000000c01a4fed98 mode 2

Classes unloaded (7 events):
Event: 3.174 Thread 0x0000027266aa6840 Unloading class 0x000000010021a400 'java/lang/invoke/LambdaForm$MH+0x000000010021a400'
Event: 3.174 Thread 0x0000027266aa6840 Unloading class 0x000000010021a000 'java/lang/invoke/LambdaForm$MH+0x000000010021a000'
Event: 3.174 Thread 0x0000027266aa6840 Unloading class 0x0000000100219c00 'java/lang/invoke/LambdaForm$MH+0x0000000100219c00'
Event: 3.174 Thread 0x0000027266aa6840 Unloading class 0x0000000100219800 'java/lang/invoke/LambdaForm$MH+0x0000000100219800'
Event: 3.174 Thread 0x0000027266aa6840 Unloading class 0x0000000100219400 'java/lang/invoke/LambdaForm$BMH+0x0000000100219400'
Event: 3.175 Thread 0x0000027266aa6840 Unloading class 0x0000000100219000 'java/lang/invoke/LambdaForm$DMH+0x0000000100219000'
Event: 3.175 Thread 0x0000027266aa6840 Unloading class 0x0000000100214400 'java/lang/invoke/LambdaForm$DMH+0x0000000100214400'

Classes redefined (0 events):
No events

Internal exceptions (20 events):
Event: 46.763 Thread 0x000002726c17b270 Exception <a 'java/io/IOException'{0x00000000eb4aa620}> (0x00000000eb4aa620) 
thrown [s\src\hotspot\share\prims\jni.cpp, line 516]
Event: 46.763 Thread 0x000002726c17b270 Exception <a 'java/io/IOException'{0x00000000eb4b4ec8}> (0x00000000eb4b4ec8) 
thrown [s\src\hotspot\share\prims\jni.cpp, line 516]
Event: 46.764 Thread 0x000002726c17b270 Exception <a 'java/io/IOException'{0x00000000eb4bf770}> (0x00000000eb4bf770) 
thrown [s\src\hotspot\share\prims\jni.cpp, line 516]
Event: 46.764 Thread 0x000002726c17b270 Exception <a 'java/io/IOException'{0x00000000eb4ca018}> (0x00000000eb4ca018) 
thrown [s\src\hotspot\share\prims\jni.cpp, line 516]
Event: 46.764 Thread 0x000002726c17b270 Exception <a 'java/io/IOException'{0x00000000eb4d48c0}> (0x00000000eb4d48c0) 
thrown [s\src\hotspot\share\prims\jni.cpp, line 516]
Event: 46.764 Thread 0x000002726c17b270 Exception <a 'java/io/IOException'{0x00000000eb4df3b0}> (0x00000000eb4df3b0) 
thrown [s\src\hotspot\share\prims\jni.cpp, line 516]
Event: 46.764 Thread 0x000002726c17b270 Exception <a 'java/io/IOException'{0x00000000eb4e9c58}> (0x00000000eb4e9c58) 
thrown [s\src\hotspot\share\prims\jni.cpp, line 516]
Event: 46.765 Thread 0x000002726c17b270 Exception <a 'java/io/IOException'{0x00000000eb4f4500}> (0x00000000eb4f4500) 
thrown [s\src\hotspot\share\prims\jni.cpp, line 516]
Event: 46.765 Thread 0x000002726c17b270 Exception <a 'java/io/IOException'{0x00000000eb4feda8}> (0x00000000eb4feda8) 
thrown [s\src\hotspot\share\prims\jni.cpp, line 516]
Event: 46.765 Thread 0x000002726c17b270 Exception <a 'java/io/IOException'{0x00000000eb509650}> (0x00000000eb509650) 
thrown [s\src\hotspot\share\prims\jni.cpp, line 516]
Event: 46.765 Thread 0x000002726c17b270 Exception <a 'java/io/IOException'{0x00000000eb513ef8}> (0x00000000eb513ef8) 
thrown [s\src\hotspot\share\prims\jni.cpp, line 516]
Event: 46.765 Thread 0x000002726c17b270 Exception <a 'java/io/IOException'{0x00000000eb51e7a0}> (0x00000000eb51e7a0) 
thrown [s\src\hotspot\share\prims\jni.cpp, line 516]
Event: 46.765 Thread 0x000002726c17b270 Exception <a 'java/io/IOException'{0x00000000eb529048}> (0x00000000eb529048) 
thrown [s\src\hotspot\share\prims\jni.cpp, line 516]
Event: 46.766 Thread 0x000002726c17b270 Exception <a 'java/io/IOException'{0x00000000eb5338f0}> (0x00000000eb5338f0) 
thrown [s\src\hotspot\share\prims\jni.cpp, line 516]
Event: 46.766 Thread 0x000002726c17b270 Exception <a 'java/io/IOException'{0x00000000eb53e198}> (0x00000000eb53e198) 
thrown [s\src\hotspot\share\prims\jni.cpp, line 516]
Event: 46.766 Thread 0x000002726c17b270 Exception <a 'java/io/IOException'{0x00000000eb548ca8}> (0x00000000eb548ca8) 
thrown [s\src\hotspot\share\prims\jni.cpp, line 516]
Event: 46.766 Thread 0x000002726c17b270 Exception <a 'java/io/IOException'{0x00000000eb553550}> (0x00000000eb553550) 
thrown [s\src\hotspot\share\prims\jni.cpp, line 516]
Event: 46.766 Thread 0x000002726c17b270 Exception <a 'java/io/IOException'{0x00000000eb55ddf8}> (0x00000000eb55ddf8) 
thrown [s\src\hotspot\share\prims\jni.cpp, line 516]
Event: 46.767 Thread 0x000002726c17b270 Exception <a 'java/io/IOException'{0x00000000eb5686a0}> (0x00000000eb5686a0) 
thrown [s\src\hotspot\share\prims\jni.cpp, line 516]
Event: 46.767 Thread 0x000002726c17b270 Exception <a 'java/io/IOException'{0x00000000eb572f48}> (0x00000000eb572f48) 
thrown [s\src\hotspot\share\prims\jni.cpp, line 516]

VM Operations (20 events):
Event: 45.709 Executing VM operation: ParallelGCFailedAllocation
Event: 45.711 Executing VM operation: ParallelGCFailedAllocation done
Event: 45.785 Executing VM operation: ParallelGCFailedAllocation
Event: 45.787 Executing VM operation: ParallelGCFailedAllocation done
Event: 45.860 Executing VM operation: ParallelGCFailedAllocation
Event: 45.862 Executing VM operation: ParallelGCFailedAllocation done
Event: 45.972 Executing VM operation: ParallelGCFailedAllocation
Event: 45.974 Executing VM operation: ParallelGCFailedAllocation done
Event: 46.159 Executing VM operation: ParallelGCFailedAllocation
Event: 46.161 Executing VM operation: ParallelGCFailedAllocation done
Event: 46.350 Executing VM operation: ParallelGCFailedAllocation
Event: 46.352 Executing VM operation: ParallelGCFailedAllocation done
Event: 46.622 Executing VM operation: ParallelGCFailedAllocation
Event: 46.628 Executing VM operation: ParallelGCFailedAllocation done
Event: 46.651 Executing VM operation: HandshakeAllThreads
Event: 46.651 Executing VM operation: HandshakeAllThreads done
Event: 46.715 Executing VM operation: ParallelGCFailedAllocation
Event: 46.718 Executing VM operation: ParallelGCFailedAllocation done
Event: 46.723 Executing VM operation: HandshakeAllThreads
Event: 46.723 Executing VM operation: HandshakeAllThreads done

Events (20 events):
Event: 46.667 loading class sun/util/resources/cldr/TimeZoneNames_en_US
Event: 46.667 loading class sun/util/resources/cldr/TimeZoneNames_en_US done
Event: 46.671 loading class sun/util/cldr/CLDRBaseLocaleDataMetaInfo$TZCanonicalIDMapHolder
Event: 46.672 loading class sun/util/cldr/CLDRBaseLocaleDataMetaInfo$TZCanonicalIDMapHolder done
Event: 46.674 loading class sun/util/resources/TimeZoneNames
Event: 46.675 loading class sun/util/resources/TimeZoneNames done
Event: 46.675 loading class sun/util/resources/TimeZoneNames_en
Event: 46.676 loading class sun/util/resources/TimeZoneNames_en done
Event: 46.715 loading class java/nio/file/FileAlreadyExistsException
Event: 46.715 loading class java/nio/file/FileAlreadyExistsException done
Event: 46.715 loading class java/nio/file/AccessDeniedException
Event: 46.715 loading class java/nio/file/AccessDeniedException done
Event: 46.715 loading class java/nio/file/DirectoryNotEmptyException
Event: 46.718 loading class java/nio/file/DirectoryNotEmptyException done
Event: 46.722 loading class sun/nio/fs/WindowsException
Event: 46.722 loading class sun/nio/fs/WindowsException done
Event: 46.757 loading class java/nio/file/attribute/DosFileAttributeView
Event: 46.757 loading class java/nio/file/attribute/DosFileAttributeView done
Event: 46.757 loading class sun/nio/fs/WindowsFileAttributeViews$Dos
Event: 46.758 loading class sun/nio/fs/WindowsFileAttributeViews$Dos done


Dynamic libraries:
0x00007ff618f90000 - 0x00007ff618f9e000 	c:\Users\qtri1\.vscode\extensions\redhat.java-1.31.0-win32-x64\jre\17.0.11-win32-x86_64\bin\java.exe
0x00007ff8c3730000 - 0x00007ff8c3928000 	C:\Windows\SYSTEM32\ntdll.dll
0x00007ff8c26f0000 - 0x00007ff8c27ad000 	C:\Windows\System32\KERNEL32.DLL
0x00007ff8c0f80000 - 0x00007ff8c1276000 	C:\Windows\System32\KERNELBASE.dll
0x00007ff8c12f0000 - 0x00007ff8c13f0000 	C:\Windows\System32\ucrtbase.dll
0x00007ff8bc790000 - 0x00007ff8bc7a7000 	c:\Users\qtri1\.vscode\extensions\redhat.java-1.31.0-win32-x64\jre\17.0.11-win32-x86_64\bin\jli.dll
0x00007ff8c2df0000 - 0x00007ff8c2f8f000 	C:\Windows\System32\USER32.dll
0x00007ff8c1660000 - 0x00007ff8c1682000 	C:\Windows\System32\win32u.dll
0x00007ff8c2f90000 - 0x00007ff8c2fbb000 	C:\Windows\System32\GDI32.dll
0x00007ff8c13f0000 - 0x00007ff8c1507000 	C:\Windows\System32\gdi32full.dll
0x00007ff8c1510000 - 0x00007ff8c15ad000 	C:\Windows\System32\msvcp_win.dll
0x00007ff8bc770000 - 0x00007ff8bc78b000 	c:\Users\qtri1\.vscode\extensions\redhat.java-1.31.0-win32-x64\jre\17.0.11-win32-x86_64\bin\VCRUNTIME140.dll
0x00007ff8ae080000 - 0x00007ff8ae31a000 	C:\Windows\WinSxS\amd64_microsoft.windows.common-controls_6595b64144ccf1df_6.0.19041.4355_none_60b8b9eb71f62e16\COMCTL32.dll
0x00007ff8c1ed0000 - 0x00007ff8c1f6e000 	C:\Windows\System32\msvcrt.dll
0x00007ff8c1780000 - 0x00007ff8c17af000 	C:\Windows\System32\IMM32.DLL
0x00007ff8bc760000 - 0x00007ff8bc76c000 	c:\Users\qtri1\.vscode\extensions\redhat.java-1.31.0-win32-x64\jre\17.0.11-win32-x86_64\bin\vcruntime140_1.dll
0x00007ff8999b0000 - 0x00007ff899a3d000 	c:\Users\qtri1\.vscode\extensions\redhat.java-1.31.0-win32-x64\jre\17.0.11-win32-x86_64\bin\msvcp140.dll
0x00007ff84c360000 - 0x00007ff84cfc2000 	c:\Users\qtri1\.vscode\extensions\redhat.java-1.31.0-win32-x64\jre\17.0.11-win32-x86_64\bin\server\jvm.dll
0x00007ff8c27b0000 - 0x00007ff8c2860000 	C:\Windows\System32\ADVAPI32.dll
0x00007ff8c3540000 - 0x00007ff8c35e0000 	C:\Windows\System32\sechost.dll
0x00007ff8c1810000 - 0x00007ff8c1933000 	C:\Windows\System32\RPCRT4.dll
0x00007ff8c0f50000 - 0x00007ff8c0f77000 	C:\Windows\System32\bcrypt.dll
0x00007ff8c0320000 - 0x00007ff8c036b000 	C:\Windows\SYSTEM32\POWRPROF.dll
0x00007ff8bc750000 - 0x00007ff8bc759000 	C:\Windows\SYSTEM32\WSOCK32.dll
0x00007ff8c3100000 - 0x00007ff8c316b000 	C:\Windows\System32\WS2_32.dll
0x00007ff8ad8c0000 - 0x00007ff8ad8e7000 	C:\Windows\SYSTEM32\WINMM.dll
0x00007ff8b9260000 - 0x00007ff8b926a000 	C:\Windows\SYSTEM32\VERSION.dll
0x00007ff8c01e0000 - 0x00007ff8c01f2000 	C:\Windows\SYSTEM32\UMPDC.dll
0x00007ff8bec50000 - 0x00007ff8bec62000 	C:\Windows\SYSTEM32\kernel.appcore.dll
0x00007ff8bc740000 - 0x00007ff8bc74a000 	c:\Users\qtri1\.vscode\extensions\redhat.java-1.31.0-win32-x64\jre\17.0.11-win32-x86_64\bin\jimage.dll
0x00007ff8ac1e0000 - 0x00007ff8ac3c4000 	C:\Windows\SYSTEM32\DBGHELP.DLL
0x00007ff8a7020000 - 0x00007ff8a7054000 	C:\Windows\SYSTEM32\dbgcore.DLL
0x00007ff8c16e0000 - 0x00007ff8c1762000 	C:\Windows\System32\bcryptPrimitives.dll
0x00007ff8bc730000 - 0x00007ff8bc73e000 	c:\Users\qtri1\.vscode\extensions\redhat.java-1.31.0-win32-x64\jre\17.0.11-win32-x86_64\bin\instrument.dll
0x00007ff899980000 - 0x00007ff8999a5000 	c:\Users\qtri1\.vscode\extensions\redhat.java-1.31.0-win32-x64\jre\17.0.11-win32-x86_64\bin\java.dll
0x00007ff8bb8a0000 - 0x00007ff8bb8b8000 	c:\Users\qtri1\.vscode\extensions\redhat.java-1.31.0-win32-x64\jre\17.0.11-win32-x86_64\bin\zip.dll
0x00007ff8c1f80000 - 0x00007ff8c26ea000 	C:\Windows\System32\SHELL32.dll
0x00007ff8bee50000 - 0x00007ff8bf5ed000 	C:\Windows\SYSTEM32\windows.storage.dll
0x00007ff8c1b70000 - 0x00007ff8c1ec3000 	C:\Windows\System32\combase.dll
0x00007ff8c0810000 - 0x00007ff8c083e000 	C:\Windows\SYSTEM32\Wldp.dll
0x00007ff8c3260000 - 0x00007ff8c332d000 	C:\Windows\System32\OLEAUT32.dll
0x00007ff8c35e0000 - 0x00007ff8c368d000 	C:\Windows\System32\SHCORE.dll
0x00007ff8c2920000 - 0x00007ff8c2975000 	C:\Windows\System32\shlwapi.dll
0x00007ff8c0d20000 - 0x00007ff8c0d44000 	C:\Windows\SYSTEM32\profapi.dll
0x00007ff89bfc0000 - 0x00007ff89bfd9000 	C:\Users\qtri1\.vscode\extensions\redhat.java-1.31.0-win32-x64\jre\17.0.11-win32-x86_64\bin\net.dll
0x00007ff8b8bf0000 - 0x00007ff8b8cfa000 	C:\Windows\SYSTEM32\WINHTTP.dll
0x00007ff8c0570000 - 0x00007ff8c05da000 	C:\Windows\system32\mswsock.dll
0x00007ff899960000 - 0x00007ff899976000 	C:\Users\qtri1\.vscode\extensions\redhat.java-1.31.0-win32-x64\jre\17.0.11-win32-x86_64\bin\nio.dll
0x00007ff8bc720000 - 0x00007ff8bc730000 	c:\Users\qtri1\.vscode\extensions\redhat.java-1.31.0-win32-x64\jre\17.0.11-win32-x86_64\bin\verify.dll
0x00007ff8b3280000 - 0x00007ff8b32c4000 	C:\Users\qtri1\AppData\Roaming\Code\User\globalStorage\redhat.java\1.31.0\config_ss_win\org.eclipse.equinox.launcher\org.eclipse.equinox.launcher.win32.win32.x86_64_1.2.1000.v20240507-1834\eclipse_11902.dll
0x00007ff8c3330000 - 0x00007ff8c345b000 	C:\Windows\System32\ole32.dll
0x00007ff8c0770000 - 0x00007ff8c0788000 	C:\Windows\SYSTEM32\CRYPTSP.dll
0x00007ff8bfe20000 - 0x00007ff8bfe54000 	C:\Windows\system32\rsaenh.dll
0x00007ff8c0cd0000 - 0x00007ff8c0cfe000 	C:\Windows\SYSTEM32\USERENV.dll
0x00007ff8c0760000 - 0x00007ff8c076c000 	C:\Windows\SYSTEM32\CRYPTBASE.dll
0x00007ff8c0200000 - 0x00007ff8c023b000 	C:\Windows\SYSTEM32\IPHLPAPI.DLL
0x00007ff8c2860000 - 0x00007ff8c2868000 	C:\Windows\System32\NSI.dll
0x00007ff8b9380000 - 0x00007ff8b9397000 	C:\Windows\SYSTEM32\dhcpcsvc6.DLL
0x00007ff8b97e0000 - 0x00007ff8b97fd000 	C:\Windows\SYSTEM32\dhcpcsvc.DLL
0x00007ff8c0240000 - 0x00007ff8c030a000 	C:\Windows\SYSTEM32\DNSAPI.dll
0x00007ff896e90000 - 0x00007ff896ed5000 	C:\Users\qtri1\AppData\Local\Temp\jna-107926487\jna5353775568342275631.dll
0x00007ff8c1770000 - 0x00007ff8c1778000 	C:\Windows\System32\PSAPI.DLL

dbghelp: loaded successfully - version: 4.0.5 - missing functions: none
symbol engine: initialized successfully - sym options: 0x614 - pdb path: .;c:\Users\qtri1\.vscode\extensions\redhat.java-1.31.0-win32-x64\jre\17.0.11-win32-x86_64\bin;C:\Windows\SYSTEM32;C:\Windows\WinSxS\amd64_microsoft.windows.common-controls_6595b64144ccf1df_6.0.19041.4355_none_60b8b9eb71f62e16;c:\Users\qtri1\.vscode\extensions\redhat.java-1.31.0-win32-x64\jre\17.0.11-win32-x86_64\bin\server;C:\Users\qtri1\AppData\Roaming\Code\User\globalStorage\redhat.java\1.31.0\config_ss_win\org.eclipse.equinox.launcher\org.eclipse.equinox.launcher.win32.win32.x86_64_1.2.1000.v20240507-1834;C:\Users\qtri1\AppData\Local\Temp\jna-107926487

VM Arguments:
jvm_args: --add-modules=ALL-SYSTEM --add-opens=java.base/java.util=ALL-UNNAMED --add-opens=java.base/java.lang=ALL-UNNAMED --add-opens=java.base/sun.nio.fs=ALL-UNNAMED -Declipse.application=org.eclipse.jdt.ls.core.id1 -Dosgi.bundles.defaultStartLevel=4 -Declipse.product=org.eclipse.jdt.ls.core.product -Djava.import.generatesMetadataFilesAtProjectRoot=false -DDetectVMInstallationsJob.disabled=true -Dfile.encoding=utf8 -XX:+UseParallelGC -XX:GCTimeRatio=4 -XX:AdaptiveSizePolicyWeight=90 -Dsun.zip.disableMemoryMapping=true -Xmx1G -Xms100m -Xlog:disable -javaagent:c:\Users\qtri1\.vscode\extensions\redhat.java-1.31.0-win32-x64\lombok\lombok-1.18.32.jar 
java_command: c:\Users\qtri1\.vscode\extensions\redhat.java-1.31.0-win32-x64\server\plugins\org.eclipse.equinox.launcher_1.6.800.v20240513-1750.jar -configuration c:\Users\qtri1\AppData\Roaming\Code\User\globalStorage\redhat.java\1.31.0\config_ss_win -data c:\Users\qtri1\AppData\Roaming\Code\User\workspaceStorage\0ca46199a10a4d282ee914929ee5a100\redhat.java\ss_ws --pipe=\\.\pipe\lsp-592fb775ee8209ec80074e3f1013fd89-sock
java_class_path (initial): c:\Users\qtri1\.vscode\extensions\redhat.java-1.31.0-win32-x64\server\plugins\org.eclipse.equinox.launcher_1.6.800.v20240513-1750.jar
Launcher Type: SUN_STANDARD

[Global flags]
    uintx AdaptiveSizePolicyWeight                 = 90                                        {product} {command line}
     intx CICompilerCount                          = 3                                         {product} {ergonomic}
    uintx GCTimeRatio                              = 4                                         {product} {command line}
   size_t InitialHeapSize                          = 104857600                                 {product} {command line}
   size_t MaxHeapSize                              = 1073741824                                {product} {command line}
   size_t MaxNewSize                               = 357564416                                 {product} {ergonomic}
   size_t MinHeapDeltaBytes                        = 524288                                    {product} {ergonomic}
   size_t MinHeapSize                              = 104857600                                 {product} {command line}
   size_t NewSize                                  = 34603008                                  {product} {ergonomic}
    uintx NonNMethodCodeHeapSize                   = 5832780                                {pd product} {ergonomic}
    uintx NonProfiledCodeHeapSize                  = 122912730                              {pd product} {ergonomic}
   size_t OldSize                                  = 70254592                                  {product} {ergonomic}
    uintx ProfiledCodeHeapSize                     = 122912730                              {pd product} {ergonomic}
    uintx ReservedCodeCacheSize                    = 251658240                              {pd product} {ergonomic}
     bool SegmentedCodeCache                       = true                                      {product} {ergonomic}
   size_t SoftMaxHeapSize                          = 1073741824                             {manageable} {ergonomic}
     bool UseCompressedClassPointers               = true                           {product lp64_product} {ergonomic}
     bool UseCompressedOops                        = true                           {product lp64_product} {ergonomic}
     bool UseLargePagesIndividualAllocation        = false                                  {pd product} {ergonomic}
     bool UseParallelGC                            = true                                      {product} {command line}

Logging:
Log output configuration:
 #0: stdout all=off uptime,level,tags
 #1: stderr all=off uptime,level,tags

Environment Variables:
JAVA_HOME=C:\Program Files\Java\jdk-17\bin
PATH=C:\Python312\Scripts\;C:\Python312\;C:\Program Files\Java\jdk-17\bin;C:\Program Files\Common Files\Oracle\Java\javapath;C:\Windows\system32;C:\Windows;C:\Windows\System32\Wbem;C:\Windows\System32\WindowsPowerShell\v1.0\;C:\Windows\System32\OpenSSH\;C:\Program Files (x86)\NVIDIA Corporation\PhysX\Common;C:\Program Files\NVIDIA Corporation\NVIDIA NvDLISR;C:\Program Files\Microsoft SQL Server\Client SDK\ODBC\170\Tools\Binn\;C:\Program Files\dotnet\;C:\Program Files (x86)\Devart\EntityDeveloper\Console;C:\MinGW\bin;C:\Program Files (x86)\Microsoft SQL Server\150\Tools\Binn\;C:\Program Files\Microsoft SQL Server\150\Tools\Binn\;C:\Program Files\Microsoft SQL Server\150\DTS\Binn\;C:\Program Files (x86)\Microsoft SQL Server\150\DTS\Binn\;C:\Program Files\Azure Data Studio\bin;C:\Program Files (x86)\Microsoft SQL Server\160\Tools\Binn\;C:\Program Files\Microsoft SQL Server\160\Tools\Binn\;C:\Program Files\Microsoft SQL Server\160\DTS\Binn\;C:\Program Files (x86)\Microsoft SQL Server\160\DTS\Binn\;C:\Program Files\Git\cmd;C:\Program Files\MySQL\MySQL Server 8.0\bin;D:\Support\Goc\apache-maven-3.9.2\bin;C:\Program Files\Apache Software Foundation\Tomcat 10.1\bin;C:\Program Files\nodejs\;C:\ProgramData\chocolatey\bin;C:\Program Files\MongoDB\Server\7.0\bin;C:\Program Files\MySQL\MySQL Shell 8.0\bin\;C:\Users\qtri1\Anaconda3;C:\Users\qtri1\Anaconda3\Library\mingw-w64\bin;C:\Users\qtri1\Anaconda3\Library\usr\bin;C:\Users\qtri1\Anaconda3\Library\bin;C:\Users\qtri1\Anaconda3\Scripts;C:\Users\qtri1\AppData\Local\Microsoft\WindowsApps;C:\Users\qtri1\.dotnet\tools;C:\Users\qtri1\AppData\Local\Programs\Microsoft VS Code\bin;C:\Program Files\Azure Data Studio\bin;C:\Program Files (x86)\Devart\EntityDeveloper\Console;C:\Program Files\JetBrains\IntelliJ IDEA 2023.3.2\bin;;C:\Program Files\JetBrains\PyCharm Community Edition 2022.2.4\bin;;C:\Users\qtri1\AppData\Local\Programs\Python\Python39\Scripts;C:\Program Files\Azure Data Studio\bin;C:\Users\qtri1\AppData\Local\GitHubDesktop\bin;C:
USERNAME=qtri1
OS=Windows_NT
PROCESSOR_IDENTIFIER=Intel64 Family 6 Model 94 Stepping 3, GenuineIntel
TMP=C:\Users\qtri1\AppData\Local\Temp
TEMP=C:\Users\qtri1\AppData\Local\Temp



Periodic native trim disabled


---------------  S Y S T E M  ---------------

OS:
 Windows 10 , 64 bit Build 19041 (10.0.19041.3636)
OS uptime: 0 days 0:36 hours

CPU: total 4 (initial active 4) (4 cores per cpu, 1 threads per core) family 6 model 94 stepping 3 microcode 0xcc, cx8, cmov, fxsr, mmx, 3dnowpref, sse, sse2, sse3, ssse3, sse4.1, sse4.2, popcnt, lzcnt, tsc, tscinvbit, avx, avx2, aes, erms, clmul, bmi1, bmi2, rtm, adx, fma, vzeroupper, clflush, clflushopt
Processor Information for all 4 processors :
  Max Mhz: 2301, Current Mhz: 2301, Mhz Limit: 2301

Memory: 4k page, system-wide physical 8028M (490M free)
TotalPageFile size 12124M (AvailPageFile size 2M)
current process WorkingSet (physical memory assigned to process): 653M, peak: 737M
current process commit charge ("private bytes"): 854M, peak: 854M

vm_info: OpenJDK 64-Bit Server VM (17.0.11+9) for windows-amd64 JRE (17.0.11+9), built on Apr 17 2024 06:07:48 by "admin" with MS VC++ 16.10 / 16.11 (VS2019)

END.
